Traceback (most recent call last):
  File "/usr/local/python3.4/lib/python3.4/socketserver.py", line 609, in process_request_thread
    self.finish_request(request, client_address)
  File "/usr/local/python3.4/lib/python3.4/socketserver.py", line 344, in finish_request
    self.RequestHandlerClass(request, client_address, self)
  File "/usr/local/python3.4/lib/python3.4/site-packages/django/core/servers/basehttp.py", line 102, in __init__
    super(WSGIRequestHandler, self).__init__(*args, **kwargs)
  File "/usr/local/python3.4/lib/python3.4/socketserver.py", line 665, in __init__
    self.handle()
  File "/usr/local/python3.4/lib/python3.4/site-packages/django/core/servers/basehttp.py", line 167, in handle
    self.raw_requestline = self.rfile.readline(65537)
  File "/usr/local/python3.4/lib/python3.4/socket.py", line 371, in readinto
    return self._sock.recv_into(b)
ConnectionResetError: [Errno 104] Connection reset by peer
[07/Jun/2017 15:50:39] "GET /logout/ HTTP/1.1" 200 2950
[07/Jun/2017 15:50:39] "GET /static/bootstrap-3.3.7-dist/css/bootstrap.min.css HTTP/1.1" 304 0
[07/Jun/2017 15:50:39] "GET /static/jquery/jquery.min.js HTTP/1.1" 304 0
[07/Jun/2017 15:50:39] "GET /static/user/css/user1.css HTTP/1.1" 304 0
[07/Jun/2017 15:50:39] "GET /static/bootstrap-3.3.7-dist/js/bootstrap.min.js HTTP/1.1" 304 0
[07/Jun/2017 15:50:39] "GET /static/user/js/login.js HTTP/1.1" 304 0
[07/Jun/2017 15:50:42] "POST /authenticate/ HTTP/1.1" 200 38
[07/Jun/2017 15:50:42] "GET /allworkflow/ HTTP/1.1" 200 7102
[07/Jun/2017 15:50:42] "GET /static/user/css/user1.css HTTP/1.1" 304 0
[07/Jun/2017 15:50:42] "GET /static/dist/css/bootstrap-select.css HTTP/1.1" 304 0
[07/Jun/2017 15:50:42] "GET /static/bootstrap-3.3.7-dist/js/bootstrap.min.js HTTP/1.1" 304 0
[07/Jun/2017 15:50:42] "GET /static/jquery/jquery.min.js HTTP/1.1" 304 0
[07/Jun/2017 15:50:42] "GET /static/bootstrap-3.3.7-dist/css/bootstrap.min.css HTTP/1.1" 304 0
[07/Jun/2017 15:50:42] "GET /static/highcharts/highcharts.js HTTP/1.1" 304 0
[07/Jun/2017 15:50:42] "GET /static/user/js/autoreview.js HTTP/1.1" 304 0
[07/Jun/2017 15:50:42] "GET /static/dist/js/bootstrap-select.js HTTP/1.1" 304 0
[07/Jun/2017 15:50:42] "GET /static/user/js/submitsql.js HTTP/1.1" 304 0
[07/Jun/2017 15:50:42] "GET /static/user/js/charts.js HTTP/1.1" 304 0
[07/Jun/2017 15:50:47] "GET /admin/sql/users/ HTTP/1.1" 200 7309
[07/Jun/2017 15:50:47] "GET /static/admin/css/changelists.css HTTP/1.1" 304 0
[07/Jun/2017 15:50:47] "GET /static/admin/css/base.css HTTP/1.1" 304 0
[07/Jun/2017 15:50:47] "GET /static/admin/js/core.js HTTP/1.1" 304 0
[07/Jun/2017 15:50:47] "GET /static/admin/js/jquery.init.js HTTP/1.1" 304 0
[07/Jun/2017 15:50:47] "GET /static/admin/js/jquery.js HTTP/1.1" 304 0
[07/Jun/2017 15:50:47] "GET /static/admin/js/admin/RelatedObjectLookups.js HTTP/1.1" 304 0
[07/Jun/2017 15:50:47] "GET /static/admin/js/actions.js HTTP/1.1" 304 0
[07/Jun/2017 15:50:47] "GET /admin/jsi18n/ HTTP/1.1" 200 2344
[07/Jun/2017 15:50:47] "GET /static/admin/img/icon-yes.gif HTTP/1.1" 304 0
[07/Jun/2017 15:50:47] "GET /static/admin/img/changelist-bg.gif HTTP/1.1" 304 0
[07/Jun/2017 15:50:47] "GET /static/admin/img/icon_searchbox.png HTTP/1.1" 304 0
[07/Jun/2017 15:50:47] "GET /static/admin/img/nav-bg-reverse.gif HTTP/1.1" 304 0
[07/Jun/2017 15:50:47] "GET /static/admin/img/tooltag-add.png HTTP/1.1" 304 0
[07/Jun/2017 15:50:47] "GET /static/admin/img/nav-bg.gif HTTP/1.1" 304 0
[07/Jun/2017 15:50:47] "GET /static/admin/img/default-bg.gif HTTP/1.1" 304 0
[07/Jun/2017 15:50:47] "GET /static/admin/img/nav-bg-selected.gif HTTP/1.1" 304 0
[07/Jun/2017 15:50:47] "GET /static/admin/img/sorting-icons.gif HTTP/1.1" 304 0
[07/Jun/2017 15:51:00] "GET /admin/sql/users/add/ HTTP/1.1" 200 6788
[07/Jun/2017 15:51:00] "GET /static/admin/js/core.js HTTP/1.1" 304 0
[07/Jun/2017 15:51:00] "GET /static/admin/js/jquery.js HTTP/1.1" 304 0
[07/Jun/2017 15:51:00] "GET /static/admin/css/forms.css HTTP/1.1" 200 6283
[07/Jun/2017 15:51:00] "GET /static/admin/css/base.css HTTP/1.1" 304 0
[07/Jun/2017 15:51:00] "GET /static/admin/js/jquery.init.js HTTP/1.1" 304 0
[07/Jun/2017 15:51:00] "GET /admin/jsi18n/ HTTP/1.1" 200 2344
[07/Jun/2017 15:51:00] "GET /static/admin/js/admin/RelatedObjectLookups.js HTTP/1.1" 304 0
[07/Jun/2017 15:51:00] "GET /static/admin/js/actions.js HTTP/1.1" 304 0
[07/Jun/2017 15:51:00] "GET /static/admin/css/widgets.css HTTP/1.1" 200 10590
[07/Jun/2017 15:51:00] "GET /static/admin/img/nav-bg-reverse.gif HTTP/1.1" 304 0
[07/Jun/2017 15:51:00] "GET /static/admin/img/default-bg.gif HTTP/1.1" 304 0
[07/Jun/2017 15:51:00] "GET /static/admin/img/nav-bg.gif HTTP/1.1" 304 0
[07/Jun/2017 15:51:33] "GET /static/admin/img/default-bg-reverse.gif HTTP/1.1" 200 835
[07/Jun/2017 15:51:34] "POST /admin/sql/users/add/ HTTP/1.1" 302 0
Traceback (most recent call last):
  File "/usr/local/python3.4/lib/python3.4/socketserver.py", line 609, in process_request_thread
    self.finish_request(request, client_address)
  File "/usr/local/python3.4/lib/python3.4/socketserver.py", line 344, in finish_request
    self.RequestHandlerClass(request, client_address, self)
  File "/usr/local/python3.4/lib/python3.4/site-packages/django/core/servers/basehttp.py", line 102, in __init__
    super(WSGIRequestHandler, self).__init__(*args, **kwargs)
  File "/usr/local/python3.4/lib/python3.4/socketserver.py", line 665, in __init__
    self.handle()
  File "/usr/local/python3.4/lib/python3.4/site-packages/django/core/servers/basehttp.py", line 167, in handle
    self.raw_requestline = self.rfile.readline(65537)
  File "/usr/local/python3.4/lib/python3.4/socket.py", line 371, in readinto
    return self._sock.recv_into(b)
ConnectionResetError: [Errno 104] Connection reset by peer
[07/Jun/2017 15:51:34] "GET /admin/sql/users/2/ HTTP/1.1" 200 8095
[07/Jun/2017 15:51:34] "GET /static/admin/css/base.css HTTP/1.1" 304 0
[07/Jun/2017 15:51:34] "GET /static/admin/css/forms.css HTTP/1.1" 304 0
[07/Jun/2017 15:51:34] "GET /static/admin/js/core.js HTTP/1.1" 304 0
[07/Jun/2017 15:51:34] "GET /static/admin/js/jquery.js HTTP/1.1" 304 0
[07/Jun/2017 15:51:35] "GET /static/admin/js/jquery.init.js HTTP/1.1" 304 0
[07/Jun/2017 15:51:35] "GET /admin/jsi18n/ HTTP/1.1" 200 2344
[07/Jun/2017 15:51:35] "GET /static/admin/js/admin/RelatedObjectLookups.js HTTP/1.1" 304 0
[07/Jun/2017 15:51:35] "GET /static/admin/css/widgets.css HTTP/1.1" 304 0
[07/Jun/2017 15:51:35] "GET /static/admin/js/actions.js HTTP/1.1" 304 0
[07/Jun/2017 15:51:35] "GET /static/admin/img/nav-bg-reverse.gif HTTP/1.1" 304 0
[07/Jun/2017 15:51:35] "GET /static/admin/img/icon_success.gif HTTP/1.1" 200 341
[07/Jun/2017 15:51:35] "GET /static/admin/img/icon_deletelink.gif HTTP/1.1" 200 181
[07/Jun/2017 15:51:35] "GET /static/admin/img/default-bg.gif HTTP/1.1" 304 0
[07/Jun/2017 15:51:35] "GET /static/admin/img/nav-bg.gif HTTP/1.1" 304 0
[07/Jun/2017 15:52:48] "GET /static/admin/img/default-bg-reverse.gif HTTP/1.1" 304 0
[07/Jun/2017 15:52:48] "POST /admin/sql/users/2/ HTTP/1.1" 302 0
Traceback (most recent call last):
  File "/usr/local/python3.4/lib/python3.4/socketserver.py", line 609, in process_request_thread
    self.finish_request(request, client_address)
  File "/usr/local/python3.4/lib/python3.4/socketserver.py", line 344, in finish_request
    self.RequestHandlerClass(request, client_address, self)
  File "/usr/local/python3.4/lib/python3.4/site-packages/django/core/servers/basehttp.py", line 102, in __init__
    super(WSGIRequestHandler, self).__init__(*args, **kwargs)
  File "/usr/local/python3.4/lib/python3.4/socketserver.py", line 665, in __init__
    self.handle()
  File "/usr/local/python3.4/lib/python3.4/site-packages/django/core/servers/basehttp.py", line 167, in handle
    self.raw_requestline = self.rfile.readline(65537)
  File "/usr/local/python3.4/lib/python3.4/socket.py", line 371, in readinto
    return self._sock.recv_into(b)
ConnectionResetError: [Errno 104] Connection reset by peer
[07/Jun/2017 15:52:49] "GET /admin/sql/users/ HTTP/1.1" 200 8126
[07/Jun/2017 15:52:49] "GET /static/admin/css/base.css HTTP/1.1" 304 0
[07/Jun/2017 15:52:49] "GET /static/admin/css/changelists.css HTTP/1.1" 304 0
[07/Jun/2017 15:52:49] "GET /static/admin/js/core.js HTTP/1.1" 304 0
[07/Jun/2017 15:52:49] "GET /admin/jsi18n/ HTTP/1.1" 200 2344
[07/Jun/2017 15:52:49] "GET /static/admin/js/jquery.js HTTP/1.1" 304 0
[07/Jun/2017 15:52:49] "GET /static/admin/js/jquery.init.js HTTP/1.1" 304 0
[07/Jun/2017 15:52:49] "GET /static/admin/js/admin/RelatedObjectLookups.js HTTP/1.1" 304 0
[07/Jun/2017 15:52:49] "GET /static/admin/js/actions.js HTTP/1.1" 304 0
[07/Jun/2017 15:52:49] "GET /static/admin/img/icon-yes.gif HTTP/1.1" 304 0
[07/Jun/2017 15:52:49] "GET /static/admin/img/icon-no.gif HTTP/1.1" 200 176
[07/Jun/2017 15:52:49] "GET /static/admin/img/changelist-bg.gif HTTP/1.1" 304 0
[07/Jun/2017 15:52:49] "GET /static/admin/img/icon_searchbox.png HTTP/1.1" 304 0
[07/Jun/2017 15:52:49] "GET /static/admin/img/nav-bg-selected.gif HTTP/1.1" 304 0
[07/Jun/2017 15:52:49] "GET /static/admin/img/sorting-icons.gif HTTP/1.1" 304 0
[07/Jun/2017 15:52:49] "GET /static/admin/img/nav-bg-reverse.gif HTTP/1.1" 304 0
[07/Jun/2017 15:52:49] "GET /static/admin/img/icon_success.gif HTTP/1.1" 304 0
[07/Jun/2017 15:52:49] "GET /static/admin/img/nav-bg.gif HTTP/1.1" 304 0
[07/Jun/2017 15:52:49] "GET /static/admin/img/tooltag-add.png HTTP/1.1" 304 0
[07/Jun/2017 15:52:49] "GET /static/admin/img/default-bg.gif HTTP/1.1" 304 0
[07/Jun/2017 15:52:56] "GET /admin/logout/ HTTP/1.1" 200 1255
[07/Jun/2017 15:52:56] "GET /static/admin/css/base.css HTTP/1.1" 304 0
[07/Jun/2017 15:52:56] "GET /static/admin/img/nav-bg-reverse.gif HTTP/1.1" 304 0
[07/Jun/2017 15:52:59] "GET /admin/ HTTP/1.1" 302 0
[07/Jun/2017 15:52:59] "GET /admin/login/?next=/admin/ HTTP/1.1" 200 1919
[07/Jun/2017 15:52:59] "GET /static/admin/css/base.css HTTP/1.1" 304 0
[07/Jun/2017 15:52:59] "GET /static/admin/css/login.css HTTP/1.1" 304 0
[07/Jun/2017 15:52:59] "GET /static/admin/img/nav-bg.gif HTTP/1.1" 304 0
[07/Jun/2017 15:53:04] "POST /admin/login/?next=/admin/ HTTP/1.1" 200 2086
[07/Jun/2017 15:53:04] "GET /static/admin/css/login.css HTTP/1.1" 304 0
[07/Jun/2017 15:53:04] "GET /static/admin/css/base.css HTTP/1.1" 304 0
[07/Jun/2017 15:53:04] "GET /static/admin/img/icon_error.gif HTTP/1.1" 200 319
[07/Jun/2017 15:53:04] "GET /static/admin/img/nav-bg.gif HTTP/1.1" 304 0
[07/Jun/2017 15:53:11] "POST /admin/login/?next=/admin/ HTTP/1.1" 302 0
[07/Jun/2017 15:53:11] "GET /admin/ HTTP/1.1" 200 4693
[07/Jun/2017 15:53:11] "GET /static/admin/css/base.css HTTP/1.1" 304 0
[07/Jun/2017 15:53:11] "GET /static/admin/css/dashboard.css HTTP/1.1" 304 0
[07/Jun/2017 15:53:11] "GET /static/admin/img/default-bg.gif HTTP/1.1" 304 0
[07/Jun/2017 15:53:11] "GET /static/admin/img/icon_addlink.gif HTTP/1.1" 304 0
[07/Jun/2017 15:53:11] "GET /static/admin/img/icon_changelink.gif HTTP/1.1" 304 0
[07/Jun/2017 15:53:11] "GET /static/admin/img/nav-bg.gif HTTP/1.1" 304 0
[07/Jun/2017 15:53:18] "GET /admin/ HTTP/1.1" 200 4693
[07/Jun/2017 15:53:18] "GET /static/admin/css/base.css HTTP/1.1" 304 0
[07/Jun/2017 15:53:18] "GET /static/admin/css/dashboard.css HTTP/1.1" 304 0
[07/Jun/2017 15:53:18] "GET /static/admin/img/default-bg.gif HTTP/1.1" 304 0
[07/Jun/2017 15:53:18] "GET /static/admin/img/icon_changelink.gif HTTP/1.1" 304 0
[07/Jun/2017 15:53:18] "GET /static/admin/img/nav-bg.gif HTTP/1.1" 304 0
[07/Jun/2017 15:53:18] "GET /static/admin/img/icon_addlink.gif HTTP/1.1" 304 0
Traceback (most recent call last):
  File "/usr/local/python3.4/lib/python3.4/socketserver.py", line 609, in process_request_thread
    self.finish_request(request, client_address)
  File "/usr/local/python3.4/lib/python3.4/socketserver.py", line 344, in finish_request
    self.RequestHandlerClass(request, client_address, self)
  File "/usr/local/python3.4/lib/python3.4/site-packages/django/core/servers/basehttp.py", line 102, in __init__
    super(WSGIRequestHandler, self).__init__(*args, **kwargs)
  File "/usr/local/python3.4/lib/python3.4/socketserver.py", line 665, in __init__
    self.handle()
  File "/usr/local/python3.4/lib/python3.4/site-packages/django/core/servers/basehttp.py", line 167, in handle
    self.raw_requestline = self.rfile.readline(65537)
  File "/usr/local/python3.4/lib/python3.4/socket.py", line 371, in readinto
    return self._sock.recv_into(b)
ConnectionResetError: [Errno 104] Connection reset by peer
[07/Jun/2017 15:53:23] "GET / HTTP/1.1" 302 0
[07/Jun/2017 15:53:23] "GET /login/ HTTP/1.1" 200 2950
[07/Jun/2017 15:53:23] "GET /static/user/css/user1.css HTTP/1.1" 304 0
[07/Jun/2017 15:53:23] "GET /static/jquery/jquery.min.js HTTP/1.1" 304 0
[07/Jun/2017 15:53:23] "GET /static/bootstrap-3.3.7-dist/css/bootstrap.min.css HTTP/1.1" 304 0
[07/Jun/2017 15:53:23] "GET /static/bootstrap-3.3.7-dist/js/bootstrap.min.js HTTP/1.1" 304 0
[07/Jun/2017 15:53:23] "GET /static/user/js/login.js HTTP/1.1" 304 0
[07/Jun/2017 15:53:27] "POST /authenticate/ HTTP/1.1" 200 38
[07/Jun/2017 15:53:27] "GET /allworkflow/ HTTP/1.1" 200 7102
[07/Jun/2017 15:53:28] "GET /static/user/css/user1.css HTTP/1.1" 304 0
[07/Jun/2017 15:53:28] "GET /static/dist/css/bootstrap-select.css HTTP/1.1" 304 0
[07/Jun/2017 15:53:28] "GET /static/bootstrap-3.3.7-dist/css/bootstrap.min.css HTTP/1.1" 304 0
[07/Jun/2017 15:53:28] "GET /static/jquery/jquery.min.js HTTP/1.1" 304 0
[07/Jun/2017 15:53:28] "GET /static/bootstrap-3.3.7-dist/js/bootstrap.min.js HTTP/1.1" 304 0
[07/Jun/2017 15:53:28] "GET /static/highcharts/highcharts.js HTTP/1.1" 304 0
[07/Jun/2017 15:53:28] "GET /static/dist/js/bootstrap-select.js HTTP/1.1" 304 0
[07/Jun/2017 15:53:28] "GET /static/user/js/submitsql.js HTTP/1.1" 304 0
[07/Jun/2017 15:53:28] "GET /static/user/js/charts.js HTTP/1.1" 304 0
[07/Jun/2017 15:53:28] "GET /static/user/js/autoreview.js HTTP/1.1" 304 0
[07/Jun/2017 15:53:31] "GET /logout/ HTTP/1.1" 200 2950
[07/Jun/2017 15:53:31] "GET /static/bootstrap-3.3.7-dist/css/bootstrap.min.css HTTP/1.1" 304 0
[07/Jun/2017 15:53:31] "GET /static/jquery/jquery.min.js HTTP/1.1" 304 0
[07/Jun/2017 15:53:31] "GET /static/user/css/user1.css HTTP/1.1" 304 0
[07/Jun/2017 15:53:31] "GET /static/bootstrap-3.3.7-dist/js/bootstrap.min.js HTTP/1.1" 304 0
[07/Jun/2017 15:53:31] "GET /static/user/js/login.js HTTP/1.1" 304 0
[07/Jun/2017 15:53:36] "POST /authenticate/ HTTP/1.1" 200 38
[07/Jun/2017 15:53:36] "GET /allworkflow/ HTTP/1.1" 200 6660
[07/Jun/2017 15:53:36] "GET /static/bootstrap-3.3.7-dist/css/bootstrap.min.css HTTP/1.1" 304 0
[07/Jun/2017 15:53:36] "GET /static/user/css/user1.css HTTP/1.1" 304 0
[07/Jun/2017 15:53:36] "GET /static/dist/css/bootstrap-select.css HTTP/1.1" 304 0
[07/Jun/2017 15:53:36] "GET /static/jquery/jquery.min.js HTTP/1.1" 304 0
[07/Jun/2017 15:53:36] "GET /static/bootstrap-3.3.7-dist/js/bootstrap.min.js HTTP/1.1" 304 0
[07/Jun/2017 15:53:36] "GET /static/highcharts/highcharts.js HTTP/1.1" 304 0
[07/Jun/2017 15:53:36] "GET /static/dist/js/bootstrap-select.js HTTP/1.1" 304 0
[07/Jun/2017 15:53:36] "GET /static/user/js/autoreview.js HTTP/1.1" 304 0
[07/Jun/2017 15:53:36] "GET /static/user/js/charts.js HTTP/1.1" 304 0
[07/Jun/2017 15:53:36] "GET /static/user/js/submitsql.js HTTP/1.1" 304 0
[07/Jun/2017 15:53:38] "GET /submitsql/ HTTP/1.1" 200 4989
[07/Jun/2017 15:53:38] "GET /static/bootstrap-3.3.7-dist/css/bootstrap.min.css HTTP/1.1" 304 0
[07/Jun/2017 15:53:38] "GET /static/dist/css/bootstrap-select.css HTTP/1.1" 304 0
[07/Jun/2017 15:53:38] "GET /static/user/css/user1.css HTTP/1.1" 304 0
[07/Jun/2017 15:53:38] "GET /static/jquery/jquery.min.js HTTP/1.1" 304 0
[07/Jun/2017 15:53:38] "GET /static/bootstrap-3.3.7-dist/js/bootstrap.min.js HTTP/1.1" 304 0
[07/Jun/2017 15:53:38] "GET /static/user/js/submitsql.js HTTP/1.1" 304 0
[07/Jun/2017 15:53:38] "GET /static/user/js/autoreview.js HTTP/1.1" 304 0
[07/Jun/2017 15:53:38] "GET /static/dist/js/bootstrap-select.js HTTP/1.1" 304 0
[07/Jun/2017 15:53:38] "GET /static/highcharts/highcharts.js HTTP/1.1" 304 0
[07/Jun/2017 15:53:38] "GET /static/user/js/charts.js HTTP/1.1" 304 0
[07/Jun/2017 15:53:39] "GET /dbaprinciples/ HTTP/1.1" 200 5054
[07/Jun/2017 15:53:39] "GET /static/jquery/jquery.min.js HTTP/1.1" 304 0
[07/Jun/2017 15:53:39] "GET /static/bootstrap-3.3.7-dist/js/bootstrap.min.js HTTP/1.1" 304 0
[07/Jun/2017 15:53:39] "GET /static/bootstrap-3.3.7-dist/css/bootstrap.min.css HTTP/1.1" 304 0
[07/Jun/2017 15:53:39] "GET /static/user/css/user1.css HTTP/1.1" 304 0
[07/Jun/2017 15:53:39] "GET /static/dist/css/bootstrap-select.css HTTP/1.1" 304 0
[07/Jun/2017 15:53:39] "GET /static/highcharts/highcharts.js HTTP/1.1" 304 0
[07/Jun/2017 15:53:39] "GET /static/user/js/autoreview.js HTTP/1.1" 304 0
[07/Jun/2017 15:53:39] "GET /static/user/js/submitsql.js HTTP/1.1" 304 0
[07/Jun/2017 15:53:39] "GET /static/user/js/charts.js HTTP/1.1" 304 0
[07/Jun/2017 15:53:39] "GET /static/dist/js/bootstrap-select.js HTTP/1.1" 304 0
[07/Jun/2017 15:53:40] "GET /charts/ HTTP/1.1" 200 5257
[07/Jun/2017 15:53:40] "GET /getMonthCharts/?_=1496823375009 HTTP/1.1" 200 2
[07/Jun/2017 15:53:40] "GET /getPersonCharts/?_=1496823375010 HTTP/1.1" 200 2
[07/Jun/2017 15:53:40] "GET /allworkflow/ HTTP/1.1" 200 6660
[07/Jun/2017 15:53:41] "GET /static/bootstrap-3.3.7-dist/css/bootstrap.min.css HTTP/1.1" 304 0
[07/Jun/2017 15:53:41] "GET /static/user/css/user1.css HTTP/1.1" 304 0
[07/Jun/2017 15:53:41] "GET /static/dist/css/bootstrap-select.css HTTP/1.1" 304 0
[07/Jun/2017 15:53:41] "GET /static/jquery/jquery.min.js HTTP/1.1" 304 0
[07/Jun/2017 15:53:41] "GET /static/highcharts/highcharts.js HTTP/1.1" 304 0
[07/Jun/2017 15:53:41] "GET /static/bootstrap-3.3.7-dist/js/bootstrap.min.js HTTP/1.1" 304 0
[07/Jun/2017 15:53:41] "GET /static/dist/js/bootstrap-select.js HTTP/1.1" 304 0
[07/Jun/2017 15:53:41] "GET /static/user/js/autoreview.js HTTP/1.1" 304 0
[07/Jun/2017 15:53:41] "GET /static/user/js/submitsql.js HTTP/1.1" 304 0
[07/Jun/2017 15:53:41] "GET /static/user/js/charts.js HTTP/1.1" 304 0
[07/Jun/2017 15:53:43] "GET /logout/ HTTP/1.1" 200 2950
[07/Jun/2017 15:53:43] "GET /static/bootstrap-3.3.7-dist/css/bootstrap.min.css HTTP/1.1" 304 0
[07/Jun/2017 15:53:43] "GET /static/user/css/user1.css HTTP/1.1" 304 0
[07/Jun/2017 15:53:43] "GET /static/jquery/jquery.min.js HTTP/1.1" 304 0
[07/Jun/2017 15:53:43] "GET /static/bootstrap-3.3.7-dist/js/bootstrap.min.js HTTP/1.1" 304 0
[07/Jun/2017 15:53:43] "GET /static/user/js/login.js HTTP/1.1" 304 0
[07/Jun/2017 15:53:46] "POST /authenticate/ HTTP/1.1" 200 38
[07/Jun/2017 15:53:46] "GET /allworkflow/ HTTP/1.1" 200 7102
[07/Jun/2017 15:53:46] "GET /static/user/css/user1.css HTTP/1.1" 304 0
[07/Jun/2017 15:53:46] "GET /static/bootstrap-3.3.7-dist/css/bootstrap.min.css HTTP/1.1" 304 0
[07/Jun/2017 15:53:46] "GET /static/jquery/jquery.min.js HTTP/1.1" 304 0
[07/Jun/2017 15:53:46] "GET /static/bootstrap-3.3.7-dist/js/bootstrap.min.js HTTP/1.1" 304 0
[07/Jun/2017 15:53:46] "GET /static/dist/css/bootstrap-select.css HTTP/1.1" 304 0
[07/Jun/2017 15:53:46] "GET /static/highcharts/highcharts.js HTTP/1.1" 304 0
[07/Jun/2017 15:53:46] "GET /static/dist/js/bootstrap-select.js HTTP/1.1" 304 0
[07/Jun/2017 15:53:46] "GET /static/user/js/autoreview.js HTTP/1.1" 304 0
[07/Jun/2017 15:53:46] "GET /static/user/js/submitsql.js HTTP/1.1" 304 0
[07/Jun/2017 15:53:46] "GET /static/user/js/charts.js HTTP/1.1" 304 0
Traceback (most recent call last):
  File "/usr/local/python3.4/lib/python3.4/socketserver.py", line 609, in process_request_thread
    self.finish_request(request, client_address)
  File "/usr/local/python3.4/lib/python3.4/socketserver.py", line 344, in finish_request
    self.RequestHandlerClass(request, client_address, self)
  File "/usr/local/python3.4/lib/python3.4/site-packages/django/core/servers/basehttp.py", line 102, in __init__
    super(WSGIRequestHandler, self).__init__(*args, **kwargs)
  File "/usr/local/python3.4/lib/python3.4/socketserver.py", line 665, in __init__
    self.handle()
  File "/usr/local/python3.4/lib/python3.4/site-packages/django/core/servers/basehttp.py", line 167, in handle
    self.raw_requestline = self.rfile.readline(65537)
  File "/usr/local/python3.4/lib/python3.4/socket.py", line 371, in readinto
    return self._sock.recv_into(b)
ConnectionResetError: [Errno 104] Connection reset by peer
[07/Jun/2017 16:02:50] "GET /submitsql/ HTTP/1.1" 200 5571
[07/Jun/2017 16:02:50] "GET /static/user/css/user1.css HTTP/1.1" 304 0
[07/Jun/2017 16:02:50] "GET /static/jquery/jquery.min.js HTTP/1.1" 304 0
[07/Jun/2017 16:02:50] "GET /static/dist/css/bootstrap-select.css HTTP/1.1" 304 0
[07/Jun/2017 16:02:50] "GET /static/bootstrap-3.3.7-dist/css/bootstrap.min.css HTTP/1.1" 304 0
[07/Jun/2017 16:02:50] "GET /static/bootstrap-3.3.7-dist/js/bootstrap.min.js HTTP/1.1" 304 0
[07/Jun/2017 16:02:50] "GET /static/highcharts/highcharts.js HTTP/1.1" 304 0
[07/Jun/2017 16:02:50] "GET /static/user/js/submitsql.js HTTP/1.1" 304 0
[07/Jun/2017 16:02:50] "GET /static/dist/js/bootstrap-select.js HTTP/1.1" 304 0
[07/Jun/2017 16:02:50] "GET /static/user/js/autoreview.js HTTP/1.1" 304 0
[07/Jun/2017 16:02:50] "GET /static/user/js/charts.js HTTP/1.1" 304 0
[07/Jun/2017 16:02:52] "GET /allworkflow/ HTTP/1.1" 200 7102
[07/Jun/2017 16:02:52] "GET /static/dist/css/bootstrap-select.css HTTP/1.1" 304 0
[07/Jun/2017 16:02:52] "GET /static/bootstrap-3.3.7-dist/css/bootstrap.min.css HTTP/1.1" 304 0
[07/Jun/2017 16:02:53] "GET /static/user/css/user1.css HTTP/1.1" 304 0
[07/Jun/2017 16:02:53] "GET /static/user/js/autoreview.js HTTP/1.1" 304 0
[07/Jun/2017 16:02:53] "GET /static/user/js/submitsql.js HTTP/1.1" 304 0
[07/Jun/2017 16:02:53] "GET /static/bootstrap-3.3.7-dist/js/bootstrap.min.js HTTP/1.1" 304 0
[07/Jun/2017 16:02:53] "GET /static/jquery/jquery.min.js HTTP/1.1" 304 0
[07/Jun/2017 16:02:53] "GET /static/highcharts/highcharts.js HTTP/1.1" 304 0
[07/Jun/2017 16:02:53] "GET /static/dist/js/bootstrap-select.js HTTP/1.1" 304 0
[07/Jun/2017 16:02:53] "GET /static/user/js/charts.js HTTP/1.1" 304 0
[07/Jun/2017 16:02:54] "GET /allworkflow/?pageNo=0&navStatus=finish HTTP/1.1" 200 7108
[07/Jun/2017 16:02:54] "GET /static/bootstrap-3.3.7-dist/css/bootstrap.min.css HTTP/1.1" 304 0
[07/Jun/2017 16:02:54] "GET /static/user/css/user1.css HTTP/1.1" 304 0
[07/Jun/2017 16:02:54] "GET /static/dist/css/bootstrap-select.css HTTP/1.1" 304 0
[07/Jun/2017 16:02:54] "GET /static/jquery/jquery.min.js HTTP/1.1" 304 0
[07/Jun/2017 16:02:54] "GET /static/bootstrap-3.3.7-dist/js/bootstrap.min.js HTTP/1.1" 304 0
[07/Jun/2017 16:02:54] "GET /static/highcharts/highcharts.js HTTP/1.1" 304 0
[07/Jun/2017 16:02:54] "GET /static/dist/js/bootstrap-select.js HTTP/1.1" 304 0
[07/Jun/2017 16:02:54] "GET /static/user/js/autoreview.js HTTP/1.1" 304 0
[07/Jun/2017 16:02:54] "GET /static/user/js/charts.js HTTP/1.1" 304 0
[07/Jun/2017 16:02:54] "GET /static/user/js/submitsql.js HTTP/1.1" 304 0
[07/Jun/2017 16:02:55] "GET /allworkflow/?pageNo=0&navStatus=executing HTTP/1.1" 200 7114
[07/Jun/2017 16:02:55] "GET /static/user/css/user1.css HTTP/1.1" 304 0
[07/Jun/2017 16:02:55] "GET /static/bootstrap-3.3.7-dist/css/bootstrap.min.css HTTP/1.1" 304 0
[07/Jun/2017 16:02:55] "GET /static/dist/css/bootstrap-select.css HTTP/1.1" 304 0
[07/Jun/2017 16:02:55] "GET /static/jquery/jquery.min.js HTTP/1.1" 304 0
[07/Jun/2017 16:02:55] "GET /static/bootstrap-3.3.7-dist/js/bootstrap.min.js HTTP/1.1" 304 0
[07/Jun/2017 16:02:55] "GET /static/highcharts/highcharts.js HTTP/1.1" 304 0
[07/Jun/2017 16:02:55] "GET /static/dist/js/bootstrap-select.js HTTP/1.1" 304 0
[07/Jun/2017 16:02:55] "GET /static/user/js/autoreview.js HTTP/1.1" 304 0
[07/Jun/2017 16:02:55] "GET /static/user/js/submitsql.js HTTP/1.1" 304 0
[07/Jun/2017 16:02:55] "GET /static/user/js/charts.js HTTP/1.1" 304 0
[07/Jun/2017 16:02:56] "GET /allworkflow/?pageNo=0&navStatus=abort HTTP/1.1" 200 7106
[07/Jun/2017 16:02:56] "GET /static/user/css/user1.css HTTP/1.1" 304 0
[07/Jun/2017 16:02:56] "GET /static/bootstrap-3.3.7-dist/css/bootstrap.min.css HTTP/1.1" 304 0
[07/Jun/2017 16:02:56] "GET /static/dist/css/bootstrap-select.css HTTP/1.1" 304 0
[07/Jun/2017 16:02:56] "GET /static/jquery/jquery.min.js HTTP/1.1" 304 0
[07/Jun/2017 16:02:56] "GET /static/bootstrap-3.3.7-dist/js/bootstrap.min.js HTTP/1.1" 304 0
[07/Jun/2017 16:02:56] "GET /static/dist/js/bootstrap-select.js HTTP/1.1" 304 0
[07/Jun/2017 16:02:56] "GET /static/highcharts/highcharts.js HTTP/1.1" 304 0
[07/Jun/2017 16:02:56] "GET /static/user/js/autoreview.js HTTP/1.1" 304 0
[07/Jun/2017 16:02:56] "GET /static/user/js/submitsql.js HTTP/1.1" 304 0
[07/Jun/2017 16:02:56] "GET /static/user/js/charts.js HTTP/1.1" 304 0
[07/Jun/2017 16:02:57] "GET /allworkflow/?pageNo=0&navStatus=abort HTTP/1.1" 200 7106
[07/Jun/2017 16:02:57] "GET /static/bootstrap-3.3.7-dist/css/bootstrap.min.css HTTP/1.1" 304 0
[07/Jun/2017 16:02:57] "GET /static/user/css/user1.css HTTP/1.1" 304 0
[07/Jun/2017 16:02:57] "GET /static/jquery/jquery.min.js HTTP/1.1" 304 0
[07/Jun/2017 16:02:57] "GET /static/dist/css/bootstrap-select.css HTTP/1.1" 304 0
[07/Jun/2017 16:02:57] "GET /static/user/js/charts.js HTTP/1.1" 304 0
[07/Jun/2017 16:02:57] "GET /static/bootstrap-3.3.7-dist/js/bootstrap.min.js HTTP/1.1" 304 0
[07/Jun/2017 16:02:57] "GET /static/user/js/autoreview.js HTTP/1.1" 304 0
[07/Jun/2017 16:02:57] "GET /static/highcharts/highcharts.js HTTP/1.1" 304 0
[07/Jun/2017 16:02:57] "GET /static/user/js/submitsql.js HTTP/1.1" 304 0
[07/Jun/2017 16:02:57] "GET /static/dist/js/bootstrap-select.js HTTP/1.1" 304 0
[07/Jun/2017 16:02:58] "GET /allworkflow/?pageNo=0&navStatus=abort HTTP/1.1" 200 7106
[07/Jun/2017 16:02:58] "GET /static/bootstrap-3.3.7-dist/css/bootstrap.min.css HTTP/1.1" 304 0
[07/Jun/2017 16:02:58] "GET /static/user/css/user1.css HTTP/1.1" 304 0
[07/Jun/2017 16:02:58] "GET /static/jquery/jquery.min.js HTTP/1.1" 304 0
[07/Jun/2017 16:02:58] "GET /static/dist/css/bootstrap-select.css HTTP/1.1" 304 0
[07/Jun/2017 16:02:58] "GET /static/highcharts/highcharts.js HTTP/1.1" 304 0
[07/Jun/2017 16:02:58] "GET /static/bootstrap-3.3.7-dist/js/bootstrap.min.js HTTP/1.1" 304 0
[07/Jun/2017 16:02:58] "GET /static/dist/js/bootstrap-select.js HTTP/1.1" 304 0
[07/Jun/2017 16:02:58] "GET /static/user/js/autoreview.js HTTP/1.1" 304 0
[07/Jun/2017 16:02:58] "GET /static/user/js/charts.js HTTP/1.1" 304 0
[07/Jun/2017 16:02:58] "GET /static/user/js/submitsql.js HTTP/1.1" 304 0
[07/Jun/2017 16:02:59] "GET /allworkflow/?pageNo=0&navStatus=executing HTTP/1.1" 200 7114
[07/Jun/2017 16:02:59] "GET /static/dist/css/bootstrap-select.css HTTP/1.1" 304 0
[07/Jun/2017 16:02:59] "GET /static/user/css/user1.css HTTP/1.1" 304 0
[07/Jun/2017 16:02:59] "GET /static/bootstrap-3.3.7-dist/css/bootstrap.min.css HTTP/1.1" 304 0
[07/Jun/2017 16:02:59] "GET /static/bootstrap-3.3.7-dist/js/bootstrap.min.js HTTP/1.1" 304 0
[07/Jun/2017 16:02:59] "GET /static/jquery/jquery.min.js HTTP/1.1" 304 0
[07/Jun/2017 16:02:59] "GET /static/highcharts/highcharts.js HTTP/1.1" 304 0
[07/Jun/2017 16:02:59] "GET /static/dist/js/bootstrap-select.js HTTP/1.1" 304 0
[07/Jun/2017 16:02:59] "GET /static/user/js/autoreview.js HTTP/1.1" 304 0
[07/Jun/2017 16:02:59] "GET /static/user/js/submitsql.js HTTP/1.1" 304 0
[07/Jun/2017 16:02:59] "GET /static/user/js/charts.js HTTP/1.1" 304 0
[07/Jun/2017 16:03:00] "GET /allworkflow/?pageNo=0&navStatus=finish HTTP/1.1" 200 7108
[07/Jun/2017 16:03:00] "GET /static/bootstrap-3.3.7-dist/css/bootstrap.min.css HTTP/1.1" 304 0
[07/Jun/2017 16:03:00] "GET /static/user/css/user1.css HTTP/1.1" 304 0
[07/Jun/2017 16:03:00] "GET /static/dist/css/bootstrap-select.css HTTP/1.1" 304 0
[07/Jun/2017 16:03:00] "GET /static/highcharts/highcharts.js HTTP/1.1" 304 0
[07/Jun/2017 16:03:00] "GET /static/jquery/jquery.min.js HTTP/1.1" 304 0
[07/Jun/2017 16:03:00] "GET /static/bootstrap-3.3.7-dist/js/bootstrap.min.js HTTP/1.1" 304 0
[07/Jun/2017 16:03:00] "GET /static/user/js/autoreview.js HTTP/1.1" 304 0
[07/Jun/2017 16:03:00] "GET /static/dist/js/bootstrap-select.js HTTP/1.1" 304 0
[07/Jun/2017 16:03:00] "GET /static/user/js/submitsql.js HTTP/1.1" 304 0
[07/Jun/2017 16:03:00] "GET /static/user/js/charts.js HTTP/1.1" 304 0
[07/Jun/2017 16:03:01] "GET /allworkflow/?pageNo=0&navStatus=all HTTP/1.1" 200 7102
[07/Jun/2017 16:03:01] "GET /static/user/css/user1.css HTTP/1.1" 304 0
[07/Jun/2017 16:03:01] "GET /static/bootstrap-3.3.7-dist/css/bootstrap.min.css HTTP/1.1" 304 0
[07/Jun/2017 16:03:01] "GET /static/dist/css/bootstrap-select.css HTTP/1.1" 304 0
[07/Jun/2017 16:03:01] "GET /static/jquery/jquery.min.js HTTP/1.1" 304 0
[07/Jun/2017 16:03:01] "GET /static/bootstrap-3.3.7-dist/js/bootstrap.min.js HTTP/1.1" 304 0
[07/Jun/2017 16:03:01] "GET /static/highcharts/highcharts.js HTTP/1.1" 304 0
[07/Jun/2017 16:03:01] "GET /static/dist/js/bootstrap-select.js HTTP/1.1" 304 0
[07/Jun/2017 16:03:01] "GET /static/user/js/submitsql.js HTTP/1.1" 304 0
[07/Jun/2017 16:03:01] "GET /static/user/js/autoreview.js HTTP/1.1" 304 0
[07/Jun/2017 16:03:01] "GET /static/user/js/charts.js HTTP/1.1" 304 0
[07/Jun/2017 16:03:02] "GET /allworkflow/?pageNo=0&navStatus=finish HTTP/1.1" 200 7108
[07/Jun/2017 16:03:02] "GET /static/bootstrap-3.3.7-dist/css/bootstrap.min.css HTTP/1.1" 304 0
[07/Jun/2017 16:03:02] "GET /static/user/css/user1.css HTTP/1.1" 304 0
[07/Jun/2017 16:03:02] "GET /static/dist/css/bootstrap-select.css HTTP/1.1" 304 0
[07/Jun/2017 16:03:02] "GET /static/jquery/jquery.min.js HTTP/1.1" 304 0
[07/Jun/2017 16:03:02] "GET /static/bootstrap-3.3.7-dist/js/bootstrap.min.js HTTP/1.1" 304 0
[07/Jun/2017 16:03:02] "GET /static/highcharts/highcharts.js HTTP/1.1" 304 0
[07/Jun/2017 16:03:02] "GET /static/dist/js/bootstrap-select.js HTTP/1.1" 304 0
[07/Jun/2017 16:03:02] "GET /static/user/js/autoreview.js HTTP/1.1" 304 0
[07/Jun/2017 16:03:02] "GET /static/user/js/charts.js HTTP/1.1" 304 0
[07/Jun/2017 16:03:02] "GET /static/user/js/submitsql.js HTTP/1.1" 304 0
[07/Jun/2017 16:03:03] "GET /allworkflow/?pageNo=0&navStatus=all HTTP/1.1" 200 7102
[07/Jun/2017 16:03:03] "GET /static/user/css/user1.css HTTP/1.1" 304 0
[07/Jun/2017 16:03:03] "GET /static/dist/css/bootstrap-select.css HTTP/1.1" 304 0
[07/Jun/2017 16:03:03] "GET /static/highcharts/highcharts.js HTTP/1.1" 304 0
[07/Jun/2017 16:03:03] "GET /static/bootstrap-3.3.7-dist/css/bootstrap.min.css HTTP/1.1" 304 0
[07/Jun/2017 16:03:03] "GET /static/jquery/jquery.min.js HTTP/1.1" 304 0
[07/Jun/2017 16:03:03] "GET /static/bootstrap-3.3.7-dist/js/bootstrap.min.js HTTP/1.1" 304 0
[07/Jun/2017 16:03:03] "GET /static/dist/js/bootstrap-select.js HTTP/1.1" 304 0
[07/Jun/2017 16:03:03] "GET /static/user/js/autoreview.js HTTP/1.1" 304 0
[07/Jun/2017 16:03:03] "GET /static/user/js/submitsql.js HTTP/1.1" 304 0
[07/Jun/2017 16:03:03] "GET /static/user/js/charts.js HTTP/1.1" 304 0
[07/Jun/2017 16:03:05] "GET /allworkflow/?pageNo=0&navStatus=finish HTTP/1.1" 200 7108
[07/Jun/2017 16:03:05] "GET /static/bootstrap-3.3.7-dist/css/bootstrap.min.css HTTP/1.1" 304 0
[07/Jun/2017 16:03:05] "GET /static/jquery/jquery.min.js HTTP/1.1" 304 0
[07/Jun/2017 16:03:05] "GET /static/user/css/user1.css HTTP/1.1" 304 0
[07/Jun/2017 16:03:05] "GET /static/dist/css/bootstrap-select.css HTTP/1.1" 304 0
[07/Jun/2017 16:03:05] "GET /static/bootstrap-3.3.7-dist/js/bootstrap.min.js HTTP/1.1" 304 0
[07/Jun/2017 16:03:05] "GET /static/highcharts/highcharts.js HTTP/1.1" 304 0
[07/Jun/2017 16:03:05] "GET /static/dist/js/bootstrap-select.js HTTP/1.1" 304 0
[07/Jun/2017 16:03:05] "GET /static/user/js/autoreview.js HTTP/1.1" 304 0
[07/Jun/2017 16:03:05] "GET /static/user/js/submitsql.js HTTP/1.1" 304 0
[07/Jun/2017 16:03:05] "GET /static/user/js/charts.js HTTP/1.1" 304 0
[07/Jun/2017 16:03:06] "GET /allworkflow/?pageNo=0&navStatus=executing HTTP/1.1" 200 7114
[07/Jun/2017 16:03:06] "GET /static/user/css/user1.css HTTP/1.1" 304 0
[07/Jun/2017 16:03:06] "GET /static/bootstrap-3.3.7-dist/css/bootstrap.min.css HTTP/1.1" 304 0
[07/Jun/2017 16:03:06] "GET /static/dist/css/bootstrap-select.css HTTP/1.1" 304 0
[07/Jun/2017 16:03:06] "GET /static/jquery/jquery.min.js HTTP/1.1" 304 0
[07/Jun/2017 16:03:06] "GET /static/bootstrap-3.3.7-dist/js/bootstrap.min.js HTTP/1.1" 304 0
[07/Jun/2017 16:03:06] "GET /static/highcharts/highcharts.js HTTP/1.1" 304 0
[07/Jun/2017 16:03:06] "GET /static/dist/js/bootstrap-select.js HTTP/1.1" 304 0
[07/Jun/2017 16:03:06] "GET /static/user/js/autoreview.js HTTP/1.1" 304 0
[07/Jun/2017 16:03:06] "GET /static/user/js/submitsql.js HTTP/1.1" 304 0
[07/Jun/2017 16:03:06] "GET /static/user/js/charts.js HTTP/1.1" 304 0
[07/Jun/2017 16:03:07] "GET /allworkflow/?pageNo=0&navStatus=abort HTTP/1.1" 200 7106
[07/Jun/2017 16:03:07] "GET /static/bootstrap-3.3.7-dist/css/bootstrap.min.css HTTP/1.1" 304 0
[07/Jun/2017 16:03:07] "GET /static/dist/css/bootstrap-select.css HTTP/1.1" 304 0
[07/Jun/2017 16:03:07] "GET /static/jquery/jquery.min.js HTTP/1.1" 304 0
[07/Jun/2017 16:03:07] "GET /static/user/css/user1.css HTTP/1.1" 304 0
[07/Jun/2017 16:03:07] "GET /static/bootstrap-3.3.7-dist/js/bootstrap.min.js HTTP/1.1" 304 0
[07/Jun/2017 16:03:07] "GET /static/highcharts/highcharts.js HTTP/1.1" 304 0
[07/Jun/2017 16:03:07] "GET /static/dist/js/bootstrap-select.js HTTP/1.1" 304 0
[07/Jun/2017 16:03:07] "GET /static/user/js/autoreview.js HTTP/1.1" 304 0
[07/Jun/2017 16:03:07] "GET /static/user/js/submitsql.js HTTP/1.1" 304 0
[07/Jun/2017 16:03:07] "GET /static/user/js/charts.js HTTP/1.1" 304 0
[07/Jun/2017 16:03:08] "GET /allworkflow/?pageNo=0&navStatus=autoreviewwrong HTTP/1.1" 200 7126
[07/Jun/2017 16:03:08] "GET /static/bootstrap-3.3.7-dist/css/bootstrap.min.css HTTP/1.1" 304 0
[07/Jun/2017 16:03:08] "GET /static/dist/css/bootstrap-select.css HTTP/1.1" 304 0
[07/Jun/2017 16:03:08] "GET /static/user/css/user1.css HTTP/1.1" 304 0
[07/Jun/2017 16:03:08] "GET /static/bootstrap-3.3.7-dist/js/bootstrap.min.js HTTP/1.1" 304 0
[07/Jun/2017 16:03:08] "GET /static/highcharts/highcharts.js HTTP/1.1" 304 0
[07/Jun/2017 16:03:08] "GET /static/jquery/jquery.min.js HTTP/1.1" 304 0
[07/Jun/2017 16:03:08] "GET /static/dist/js/bootstrap-select.js HTTP/1.1" 304 0
[07/Jun/2017 16:03:08] "GET /static/user/js/autoreview.js HTTP/1.1" 304 0
[07/Jun/2017 16:03:08] "GET /static/user/js/submitsql.js HTTP/1.1" 304 0
[07/Jun/2017 16:03:08] "GET /static/user/js/charts.js HTTP/1.1" 304 0
[07/Jun/2017 16:03:12] "GET /allworkflow/?pageNo=0&navStatus=abort HTTP/1.1" 200 7106
[07/Jun/2017 16:03:13] "GET /static/bootstrap-3.3.7-dist/css/bootstrap.min.css HTTP/1.1" 304 0
[07/Jun/2017 16:03:13] "GET /static/user/css/user1.css HTTP/1.1" 304 0
[07/Jun/2017 16:03:13] "GET /static/bootstrap-3.3.7-dist/js/bootstrap.min.js HTTP/1.1" 304 0
[07/Jun/2017 16:03:13] "GET /static/dist/css/bootstrap-select.css HTTP/1.1" 304 0
[07/Jun/2017 16:03:13] "GET /static/jquery/jquery.min.js HTTP/1.1" 304 0
[07/Jun/2017 16:03:13] "GET /static/highcharts/highcharts.js HTTP/1.1" 304 0
[07/Jun/2017 16:03:13] "GET /static/dist/js/bootstrap-select.js HTTP/1.1" 304 0
[07/Jun/2017 16:03:13] "GET /static/user/js/autoreview.js HTTP/1.1" 304 0
[07/Jun/2017 16:03:13] "GET /static/user/js/charts.js HTTP/1.1" 304 0
[07/Jun/2017 16:03:13] "GET /static/user/js/submitsql.js HTTP/1.1" 304 0
[07/Jun/2017 16:03:13] "GET /allworkflow/?pageNo=0&navStatus=executing HTTP/1.1" 200 7114
[07/Jun/2017 16:03:14] "GET /static/jquery/jquery.min.js HTTP/1.1" 304 0
[07/Jun/2017 16:03:14] "GET /static/bootstrap-3.3.7-dist/css/bootstrap.min.css HTTP/1.1" 304 0
[07/Jun/2017 16:03:14] "GET /static/highcharts/highcharts.js HTTP/1.1" 304 0
[07/Jun/2017 16:03:14] "GET /static/dist/js/bootstrap-select.js HTTP/1.1" 304 0
[07/Jun/2017 16:03:14] "GET /static/user/css/user1.css HTTP/1.1" 304 0
[07/Jun/2017 16:03:14] "GET /static/user/js/autoreview.js HTTP/1.1" 304 0
[07/Jun/2017 16:03:14] "GET /static/user/js/submitsql.js HTTP/1.1" 304 0
[07/Jun/2017 16:03:14] "GET /static/dist/css/bootstrap-select.css HTTP/1.1" 304 0
[07/Jun/2017 16:03:14] "GET /static/user/js/charts.js HTTP/1.1" 304 0
[07/Jun/2017 16:03:14] "GET /static/bootstrap-3.3.7-dist/js/bootstrap.min.js HTTP/1.1" 304 0
[07/Jun/2017 16:03:14] "GET /allworkflow/?pageNo=0&navStatus=finish HTTP/1.1" 200 7108
[07/Jun/2017 16:03:15] "GET /allworkflow/?pageNo=0&navStatus=all HTTP/1.1" 200 7102
[07/Jun/2017 16:03:15] "GET /static/bootstrap-3.3.7-dist/css/bootstrap.min.css HTTP/1.1" 304 0
[07/Jun/2017 16:03:15] "GET /static/jquery/jquery.min.js HTTP/1.1" 304 0
[07/Jun/2017 16:03:15] "GET /static/user/css/user1.css HTTP/1.1" 304 0
[07/Jun/2017 16:03:15] "GET /static/dist/css/bootstrap-select.css HTTP/1.1" 304 0
[07/Jun/2017 16:03:15] "GET /static/bootstrap-3.3.7-dist/js/bootstrap.min.js HTTP/1.1" 304 0
[07/Jun/2017 16:03:15] "GET /static/highcharts/highcharts.js HTTP/1.1" 304 0
[07/Jun/2017 16:03:15] "GET /static/user/js/submitsql.js HTTP/1.1" 304 0
[07/Jun/2017 16:03:15] "GET /static/dist/js/bootstrap-select.js HTTP/1.1" 304 0
[07/Jun/2017 16:03:15] "GET /static/user/js/autoreview.js HTTP/1.1" 304 0
[07/Jun/2017 16:03:15] "GET /static/user/js/charts.js HTTP/1.1" 304 0
[07/Jun/2017 16:03:16] "GET /submitsql/ HTTP/1.1" 200 5571
[07/Jun/2017 16:03:16] "GET /static/bootstrap-3.3.7-dist/css/bootstrap.min.css HTTP/1.1" 304 0
[07/Jun/2017 16:03:16] "GET /static/user/css/user1.css HTTP/1.1" 304 0
[07/Jun/2017 16:03:16] "GET /static/jquery/jquery.min.js HTTP/1.1" 304 0
[07/Jun/2017 16:03:16] "GET /static/dist/css/bootstrap-select.css HTTP/1.1" 304 0
[07/Jun/2017 16:03:16] "GET /static/bootstrap-3.3.7-dist/js/bootstrap.min.js HTTP/1.1" 304 0
[07/Jun/2017 16:03:16] "GET /static/highcharts/highcharts.js HTTP/1.1" 304 0
[07/Jun/2017 16:03:16] "GET /static/dist/js/bootstrap-select.js HTTP/1.1" 304 0
[07/Jun/2017 16:03:16] "GET /static/user/js/autoreview.js HTTP/1.1" 304 0
[07/Jun/2017 16:03:16] "GET /static/user/js/charts.js HTTP/1.1" 304 0
[07/Jun/2017 16:03:16] "GET /static/user/js/submitsql.js HTTP/1.1" 304 0
[07/Jun/2017 16:03:17] "GET /admin/sql/master_config/ HTTP/1.1" 200 3612
[07/Jun/2017 16:03:17] "GET /static/admin/css/base.css HTTP/1.1" 304 0
[07/Jun/2017 16:03:17] "GET /static/admin/js/core.js HTTP/1.1" 304 0
[07/Jun/2017 16:03:17] "GET /static/admin/css/changelists.css HTTP/1.1" 304 0
[07/Jun/2017 16:03:17] "GET /static/admin/js/jquery.init.js HTTP/1.1" 304 0
[07/Jun/2017 16:03:17] "GET /static/admin/js/jquery.js HTTP/1.1" 304 0
[07/Jun/2017 16:03:17] "GET /static/admin/js/admin/RelatedObjectLookups.js HTTP/1.1" 304 0
[07/Jun/2017 16:03:17] "GET /static/admin/js/actions.js HTTP/1.1" 304 0
[07/Jun/2017 16:03:17] "GET /admin/jsi18n/ HTTP/1.1" 200 2344
[07/Jun/2017 16:03:17] "GET /static/admin/img/icon_searchbox.png HTTP/1.1" 304 0
[07/Jun/2017 16:03:17] "GET /static/admin/img/nav-bg-reverse.gif HTTP/1.1" 304 0
[07/Jun/2017 16:03:17] "GET /static/admin/img/nav-bg.gif HTTP/1.1" 304 0
[07/Jun/2017 16:03:17] "GET /static/admin/img/tooltag-add.png HTTP/1.1" 304 0
Traceback (most recent call last):
  File "/usr/local/python3.4/lib/python3.4/socketserver.py", line 609, in process_request_thread
    self.finish_request(request, client_address)
  File "/usr/local/python3.4/lib/python3.4/socketserver.py", line 344, in finish_request
    self.RequestHandlerClass(request, client_address, self)
  File "/usr/local/python3.4/lib/python3.4/site-packages/django/core/servers/basehttp.py", line 102, in __init__
    super(WSGIRequestHandler, self).__init__(*args, **kwargs)
  File "/usr/local/python3.4/lib/python3.4/socketserver.py", line 665, in __init__
    self.handle()
  File "/usr/local/python3.4/lib/python3.4/site-packages/django/core/servers/basehttp.py", line 167, in handle
    self.raw_requestline = self.rfile.readline(65537)
  File "/usr/local/python3.4/lib/python3.4/socket.py", line 371, in readinto
    return self._sock.recv_into(b)
ConnectionResetError: [Errno 104] Connection reset by peer
[07/Jun/2017 16:03:26] "GET /admin/sql/workflow/ HTTP/1.1" 200 3602
[07/Jun/2017 16:03:26] "GET /static/admin/css/changelists.css HTTP/1.1" 304 0
[07/Jun/2017 16:03:26] "GET /static/admin/css/base.css HTTP/1.1" 304 0
[07/Jun/2017 16:03:26] "GET /static/admin/js/core.js HTTP/1.1" 304 0
[07/Jun/2017 16:03:26] "GET /static/admin/js/jquery.init.js HTTP/1.1" 304 0
[07/Jun/2017 16:03:26] "GET /static/admin/js/jquery.js HTTP/1.1" 304 0
[07/Jun/2017 16:03:26] "GET /static/admin/js/admin/RelatedObjectLookups.js HTTP/1.1" 304 0
[07/Jun/2017 16:03:26] "GET /static/admin/js/actions.js HTTP/1.1" 304 0
[07/Jun/2017 16:03:26] "GET /admin/jsi18n/ HTTP/1.1" 200 2344
[07/Jun/2017 16:03:26] "GET /static/admin/img/nav-bg-reverse.gif HTTP/1.1" 304 0
[07/Jun/2017 16:03:26] "GET /static/admin/img/icon_searchbox.png HTTP/1.1" 304 0
[07/Jun/2017 16:03:26] "GET /static/admin/img/nav-bg.gif HTTP/1.1" 304 0
[07/Jun/2017 16:03:26] "GET /static/admin/img/tooltag-add.png HTTP/1.1" 304 0
Traceback (most recent call last):
  File "/usr/local/python3.4/lib/python3.4/socketserver.py", line 609, in process_request_thread
    self.finish_request(request, client_address)
  File "/usr/local/python3.4/lib/python3.4/socketserver.py", line 344, in finish_request
    self.RequestHandlerClass(request, client_address, self)
  File "/usr/local/python3.4/lib/python3.4/site-packages/django/core/servers/basehttp.py", line 102, in __init__
    super(WSGIRequestHandler, self).__init__(*args, **kwargs)
  File "/usr/local/python3.4/lib/python3.4/socketserver.py", line 665, in __init__
    self.handle()
  File "/usr/local/python3.4/lib/python3.4/site-packages/django/core/servers/basehttp.py", line 167, in handle
    self.raw_requestline = self.rfile.readline(65537)
  File "/usr/local/python3.4/lib/python3.4/socket.py", line 371, in readinto
    return self._sock.recv_into(b)
ConnectionResetError: [Errno 104] Connection reset by peer
[07/Jun/2017 16:06:24] "GET /allworkflow/ HTTP/1.1" 200 7102
[07/Jun/2017 16:06:24] "GET /static/bootstrap-3.3.7-dist/css/bootstrap.min.css HTTP/1.1" 304 0
[07/Jun/2017 16:06:24] "GET /static/user/css/user1.css HTTP/1.1" 304 0
[07/Jun/2017 16:06:24] "GET /static/dist/css/bootstrap-select.css HTTP/1.1" 304 0
[07/Jun/2017 16:06:24] "GET /static/jquery/jquery.min.js HTTP/1.1" 304 0
[07/Jun/2017 16:06:24] "GET /static/bootstrap-3.3.7-dist/js/bootstrap.min.js HTTP/1.1" 304 0
[07/Jun/2017 16:06:24] "GET /static/highcharts/highcharts.js HTTP/1.1" 304 0
[07/Jun/2017 16:06:24] "GET /static/dist/js/bootstrap-select.js HTTP/1.1" 304 0
[07/Jun/2017 16:06:24] "GET /static/user/js/autoreview.js HTTP/1.1" 304 0
[07/Jun/2017 16:06:24] "GET /static/user/js/submitsql.js HTTP/1.1" 304 0
[07/Jun/2017 16:06:24] "GET /static/user/js/charts.js HTTP/1.1" 304 0
Traceback (most recent call last):
  File "/usr/local/python3.4/lib/python3.4/socketserver.py", line 609, in process_request_thread
    self.finish_request(request, client_address)
  File "/usr/local/python3.4/lib/python3.4/socketserver.py", line 344, in finish_request
    self.RequestHandlerClass(request, client_address, self)
  File "/usr/local/python3.4/lib/python3.4/site-packages/django/core/servers/basehttp.py", line 102, in __init__
    super(WSGIRequestHandler, self).__init__(*args, **kwargs)
  File "/usr/local/python3.4/lib/python3.4/socketserver.py", line 665, in __init__
    self.handle()
  File "/usr/local/python3.4/lib/python3.4/site-packages/django/core/servers/basehttp.py", line 167, in handle
    self.raw_requestline = self.rfile.readline(65537)
  File "/usr/local/python3.4/lib/python3.4/socket.py", line 371, in readinto
    return self._sock.recv_into(b)
ConnectionResetError: [Errno 104] Connection reset by peer
[07/Jun/2017 16:08:05] "GET /allworkflow/?pageNo=0&navStatus=autoreviewwrong HTTP/1.1" 200 7126
[07/Jun/2017 16:08:05] "GET /static/bootstrap-3.3.7-dist/css/bootstrap.min.css HTTP/1.1" 304 0
[07/Jun/2017 16:08:05] "GET /static/user/css/user1.css HTTP/1.1" 304 0
[07/Jun/2017 16:08:05] "GET /static/dist/css/bootstrap-select.css HTTP/1.1" 304 0
[07/Jun/2017 16:08:05] "GET /static/jquery/jquery.min.js HTTP/1.1" 304 0
[07/Jun/2017 16:08:05] "GET /static/bootstrap-3.3.7-dist/js/bootstrap.min.js HTTP/1.1" 304 0
[07/Jun/2017 16:08:05] "GET /static/highcharts/highcharts.js HTTP/1.1" 304 0
[07/Jun/2017 16:08:05] "GET /static/dist/js/bootstrap-select.js HTTP/1.1" 304 0
[07/Jun/2017 16:08:05] "GET /static/user/js/submitsql.js HTTP/1.1" 304 0
[07/Jun/2017 16:08:05] "GET /static/user/js/autoreview.js HTTP/1.1" 304 0
[07/Jun/2017 16:08:05] "GET /static/user/js/charts.js HTTP/1.1" 304 0
[07/Jun/2017 16:08:06] "GET /allworkflow/?pageNo=0&navStatus=abort HTTP/1.1" 200 7106
[07/Jun/2017 16:08:06] "GET /static/bootstrap-3.3.7-dist/css/bootstrap.min.css HTTP/1.1" 304 0
[07/Jun/2017 16:08:06] "GET /static/user/css/user1.css HTTP/1.1" 304 0
[07/Jun/2017 16:08:06] "GET /static/dist/css/bootstrap-select.css HTTP/1.1" 304 0
[07/Jun/2017 16:08:06] "GET /static/jquery/jquery.min.js HTTP/1.1" 304 0
[07/Jun/2017 16:08:06] "GET /static/bootstrap-3.3.7-dist/js/bootstrap.min.js HTTP/1.1" 304 0
[07/Jun/2017 16:08:06] "GET /static/highcharts/highcharts.js HTTP/1.1" 304 0
[07/Jun/2017 16:08:06] "GET /static/user/js/submitsql.js HTTP/1.1" 304 0
[07/Jun/2017 16:08:06] "GET /static/user/js/autoreview.js HTTP/1.1" 304 0
[07/Jun/2017 16:08:06] "GET /static/user/js/charts.js HTTP/1.1" 304 0
[07/Jun/2017 16:08:06] "GET /static/dist/js/bootstrap-select.js HTTP/1.1" 304 0
[07/Jun/2017 16:08:06] "GET /allworkflow/?pageNo=0&navStatus=executing HTTP/1.1" 200 7114
[07/Jun/2017 16:08:07] "GET /allworkflow/?pageNo=0&navStatus=finish HTTP/1.1" 200 7108
[07/Jun/2017 16:08:07] "GET /static/bootstrap-3.3.7-dist/css/bootstrap.min.css HTTP/1.1" 304 0
[07/Jun/2017 16:08:07] "GET /static/user/css/user1.css HTTP/1.1" 304 0
[07/Jun/2017 16:08:07] "GET /static/dist/css/bootstrap-select.css HTTP/1.1" 304 0
[07/Jun/2017 16:08:07] "GET /static/bootstrap-3.3.7-dist/js/bootstrap.min.js HTTP/1.1" 304 0
[07/Jun/2017 16:08:07] "GET /static/jquery/jquery.min.js HTTP/1.1" 304 0
[07/Jun/2017 16:08:07] "GET /static/highcharts/highcharts.js HTTP/1.1" 304 0
[07/Jun/2017 16:08:07] "GET /static/dist/js/bootstrap-select.js HTTP/1.1" 304 0
[07/Jun/2017 16:08:07] "GET /static/user/js/autoreview.js HTTP/1.1" 304 0
[07/Jun/2017 16:08:07] "GET /static/user/js/submitsql.js HTTP/1.1" 304 0
[07/Jun/2017 16:08:07] "GET /static/user/js/charts.js HTTP/1.1" 304 0
[07/Jun/2017 16:08:08] "GET /allworkflow/?pageNo=0&navStatus=all HTTP/1.1" 200 7102
[07/Jun/2017 16:08:08] "GET /static/bootstrap-3.3.7-dist/css/bootstrap.min.css HTTP/1.1" 304 0
[07/Jun/2017 16:08:08] "GET /static/user/css/user1.css HTTP/1.1" 304 0
[07/Jun/2017 16:08:08] "GET /static/bootstrap-3.3.7-dist/js/bootstrap.min.js HTTP/1.1" 304 0
[07/Jun/2017 16:08:08] "GET /static/highcharts/highcharts.js HTTP/1.1" 304 0
[07/Jun/2017 16:08:08] "GET /static/dist/js/bootstrap-select.js HTTP/1.1" 304 0
[07/Jun/2017 16:08:08] "GET /static/jquery/jquery.min.js HTTP/1.1" 304 0
[07/Jun/2017 16:08:08] "GET /static/dist/css/bootstrap-select.css HTTP/1.1" 304 0
[07/Jun/2017 16:08:08] "GET /static/user/js/autoreview.js HTTP/1.1" 304 0
[07/Jun/2017 16:08:08] "GET /static/user/js/submitsql.js HTTP/1.1" 304 0
[07/Jun/2017 16:08:08] "GET /static/user/js/charts.js HTTP/1.1" 304 0
[07/Jun/2017 16:08:08] "GET /submitsql/ HTTP/1.1" 200 5571
[07/Jun/2017 16:08:10] "GET /admin/sql/master_config/ HTTP/1.1" 200 3612
[07/Jun/2017 16:08:11] "GET /static/admin/css/changelists.css HTTP/1.1" 304 0
[07/Jun/2017 16:08:11] "GET /static/admin/js/core.js HTTP/1.1" 304 0
[07/Jun/2017 16:08:11] "GET /static/admin/js/jquery.js HTTP/1.1" 304 0
[07/Jun/2017 16:08:11] "GET /static/admin/js/jquery.init.js HTTP/1.1" 304 0
[07/Jun/2017 16:08:11] "GET /static/admin/css/base.css HTTP/1.1" 304 0
[07/Jun/2017 16:08:11] "GET /admin/jsi18n/ HTTP/1.1" 200 2344
[07/Jun/2017 16:08:11] "GET /static/admin/js/admin/RelatedObjectLookups.js HTTP/1.1" 304 0
[07/Jun/2017 16:08:11] "GET /static/admin/js/actions.js HTTP/1.1" 304 0
[07/Jun/2017 16:08:11] "GET /static/admin/img/icon_searchbox.png HTTP/1.1" 304 0
[07/Jun/2017 16:08:11] "GET /static/admin/img/nav-bg-reverse.gif HTTP/1.1" 304 0
[07/Jun/2017 16:08:11] "GET /static/admin/img/tooltag-add.png HTTP/1.1" 304 0
[07/Jun/2017 16:08:11] "GET /static/admin/img/nav-bg.gif HTTP/1.1" 304 0
[07/Jun/2017 16:08:14] "GET /admin/sql/master_config/add/ HTTP/1.1" 200 5994
[07/Jun/2017 16:08:14] "GET /static/admin/css/base.css HTTP/1.1" 304 0
[07/Jun/2017 16:08:14] "GET /static/admin/js/jquery.js HTTP/1.1" 304 0
[07/Jun/2017 16:08:14] "GET /static/admin/js/core.js HTTP/1.1" 304 0
[07/Jun/2017 16:08:14] "GET /static/admin/js/jquery.init.js HTTP/1.1" 304 0
[07/Jun/2017 16:08:14] "GET /static/admin/js/admin/RelatedObjectLookups.js HTTP/1.1" 304 0
[07/Jun/2017 16:08:14] "GET /static/admin/js/actions.js HTTP/1.1" 304 0
[07/Jun/2017 16:08:14] "GET /static/admin/css/forms.css HTTP/1.1" 304 0
[07/Jun/2017 16:08:14] "GET /admin/jsi18n/ HTTP/1.1" 200 2344
[07/Jun/2017 16:08:14] "GET /static/admin/css/widgets.css HTTP/1.1" 304 0
[07/Jun/2017 16:08:14] "GET /static/admin/img/nav-bg-reverse.gif HTTP/1.1" 304 0
[07/Jun/2017 16:08:14] "GET /static/admin/img/default-bg.gif HTTP/1.1" 304 0
[07/Jun/2017 16:08:14] "GET /static/admin/img/nav-bg.gif HTTP/1.1" 304 0
[07/Jun/2017 16:08:43] "GET /static/admin/img/default-bg-reverse.gif HTTP/1.1" 304 0
[07/Jun/2017 16:08:44] "POST /admin/sql/master_config/add/ HTTP/1.1" 302 0
Traceback (most recent call last):
  File "/usr/local/python3.4/lib/python3.4/socketserver.py", line 609, in process_request_thread
    self.finish_request(request, client_address)
  File "/usr/local/python3.4/lib/python3.4/socketserver.py", line 344, in finish_request
    self.RequestHandlerClass(request, client_address, self)
  File "/usr/local/python3.4/lib/python3.4/site-packages/django/core/servers/basehttp.py", line 102, in __init__
    super(WSGIRequestHandler, self).__init__(*args, **kwargs)
  File "/usr/local/python3.4/lib/python3.4/socketserver.py", line 665, in __init__
    self.handle()
  File "/usr/local/python3.4/lib/python3.4/site-packages/django/core/servers/basehttp.py", line 167, in handle
    self.raw_requestline = self.rfile.readline(65537)
  File "/usr/local/python3.4/lib/python3.4/socket.py", line 371, in readinto
    return self._sock.recv_into(b)
ConnectionResetError: [Errno 104] Connection reset by peer
[07/Jun/2017 16:08:44] "GET /admin/sql/master_config/ HTTP/1.1" 200 6486
[07/Jun/2017 16:08:45] "GET /static/admin/css/changelists.css HTTP/1.1" 304 0
[07/Jun/2017 16:08:45] "GET /static/admin/css/base.css HTTP/1.1" 304 0
[07/Jun/2017 16:08:45] "GET /static/admin/js/jquery.js HTTP/1.1" 304 0
[07/Jun/2017 16:08:45] "GET /static/admin/js/core.js HTTP/1.1" 304 0
[07/Jun/2017 16:08:45] "GET /static/admin/js/jquery.init.js HTTP/1.1" 304 0
[07/Jun/2017 16:08:45] "GET /admin/jsi18n/ HTTP/1.1" 200 2344
[07/Jun/2017 16:08:45] "GET /static/admin/js/admin/RelatedObjectLookups.js HTTP/1.1" 304 0
[07/Jun/2017 16:08:45] "GET /static/admin/js/actions.js HTTP/1.1" 304 0
[07/Jun/2017 16:08:45] "GET /static/admin/img/icon_success.gif HTTP/1.1" 304 0
[07/Jun/2017 16:08:45] "GET /static/admin/img/icon_searchbox.png HTTP/1.1" 304 0
[07/Jun/2017 16:08:45] "GET /static/admin/img/nav-bg-reverse.gif HTTP/1.1" 304 0
[07/Jun/2017 16:08:45] "GET /static/admin/img/tooltag-add.png HTTP/1.1" 304 0
[07/Jun/2017 16:08:45] "GET /static/admin/img/nav-bg.gif HTTP/1.1" 304 0
[07/Jun/2017 16:08:49] "GET /admin/sql/master_config/add/ HTTP/1.1" 200 5994
[07/Jun/2017 16:08:50] "GET /static/admin/css/base.css HTTP/1.1" 304 0
[07/Jun/2017 16:08:50] "GET /static/admin/css/forms.css HTTP/1.1" 304 0
[07/Jun/2017 16:08:50] "GET /static/admin/js/jquery.js HTTP/1.1" 304 0
[07/Jun/2017 16:08:50] "GET /static/admin/js/core.js HTTP/1.1" 304 0
[07/Jun/2017 16:08:50] "GET /static/admin/js/jquery.init.js HTTP/1.1" 304 0
[07/Jun/2017 16:08:50] "GET /admin/jsi18n/ HTTP/1.1" 200 2344
[07/Jun/2017 16:08:50] "GET /static/admin/js/admin/RelatedObjectLookups.js HTTP/1.1" 304 0
[07/Jun/2017 16:08:50] "GET /static/admin/js/actions.js HTTP/1.1" 304 0
[07/Jun/2017 16:08:50] "GET /static/admin/css/widgets.css HTTP/1.1" 304 0
[07/Jun/2017 16:08:50] "GET /static/admin/img/nav-bg-reverse.gif HTTP/1.1" 304 0
[07/Jun/2017 16:08:50] "GET /static/admin/img/nav-bg.gif HTTP/1.1" 304 0
[07/Jun/2017 16:08:50] "GET /static/admin/img/default-bg.gif HTTP/1.1" 304 0
[07/Jun/2017 16:09:24] "GET /static/admin/img/default-bg-reverse.gif HTTP/1.1" 304 0
[07/Jun/2017 16:09:24] "POST /admin/sql/master_config/add/ HTTP/1.1" 302 0
Traceback (most recent call last):
  File "/usr/local/python3.4/lib/python3.4/socketserver.py", line 609, in process_request_thread
    self.finish_request(request, client_address)
  File "/usr/local/python3.4/lib/python3.4/socketserver.py", line 344, in finish_request
    self.RequestHandlerClass(request, client_address, self)
  File "/usr/local/python3.4/lib/python3.4/site-packages/django/core/servers/basehttp.py", line 102, in __init__
    super(WSGIRequestHandler, self).__init__(*args, **kwargs)
  File "/usr/local/python3.4/lib/python3.4/socketserver.py", line 665, in __init__
    self.handle()
  File "/usr/local/python3.4/lib/python3.4/site-packages/django/core/servers/basehttp.py", line 167, in handle
    self.raw_requestline = self.rfile.readline(65537)
  File "/usr/local/python3.4/lib/python3.4/socket.py", line 371, in readinto
    return self._sock.recv_into(b)
ConnectionResetError: [Errno 104] Connection reset by peer
[07/Jun/2017 16:09:25] "GET /admin/sql/master_config/ HTTP/1.1" 200 7068
[07/Jun/2017 16:09:25] "GET /static/admin/css/base.css HTTP/1.1" 304 0
[07/Jun/2017 16:09:25] "GET /static/admin/css/changelists.css HTTP/1.1" 304 0
[07/Jun/2017 16:09:25] "GET /static/admin/js/jquery.js HTTP/1.1" 304 0
[07/Jun/2017 16:09:25] "GET /static/admin/js/core.js HTTP/1.1" 304 0
[07/Jun/2017 16:09:25] "GET /static/admin/js/actions.js HTTP/1.1" 304 0
[07/Jun/2017 16:09:25] "GET /static/admin/js/admin/RelatedObjectLookups.js HTTP/1.1" 304 0
[07/Jun/2017 16:09:25] "GET /static/admin/js/jquery.init.js HTTP/1.1" 304 0
[07/Jun/2017 16:09:25] "GET /admin/jsi18n/ HTTP/1.1" 200 2344
[07/Jun/2017 16:09:25] "GET /static/admin/img/icon_searchbox.png HTTP/1.1" 304 0
[07/Jun/2017 16:09:25] "GET /static/admin/img/icon_success.gif HTTP/1.1" 304 0
[07/Jun/2017 16:09:25] "GET /static/admin/img/nav-bg-reverse.gif HTTP/1.1" 304 0
[07/Jun/2017 16:09:25] "GET /static/admin/img/tooltag-add.png HTTP/1.1" 304 0
[07/Jun/2017 16:09:25] "GET /static/admin/img/nav-bg.gif HTTP/1.1" 304 0
[07/Jun/2017 16:09:31] "GET /admin/sql/master_config/ HTTP/1.1" 200 6913
[07/Jun/2017 16:09:31] "GET /static/admin/css/changelists.css HTTP/1.1" 304 0
[07/Jun/2017 16:09:31] "GET /static/admin/css/base.css HTTP/1.1" 304 0
[07/Jun/2017 16:09:31] "GET /static/admin/js/core.js HTTP/1.1" 304 0
[07/Jun/2017 16:09:31] "GET /static/admin/js/jquery.js HTTP/1.1" 304 0
[07/Jun/2017 16:09:31] "GET /static/admin/js/jquery.init.js HTTP/1.1" 304 0
[07/Jun/2017 16:09:31] "GET /static/admin/js/admin/RelatedObjectLookups.js HTTP/1.1" 304 0
[07/Jun/2017 16:09:31] "GET /static/admin/js/actions.js HTTP/1.1" 304 0
[07/Jun/2017 16:09:31] "GET /admin/jsi18n/ HTTP/1.1" 200 2344
[07/Jun/2017 16:09:31] "GET /static/admin/img/icon_searchbox.png HTTP/1.1" 304 0
[07/Jun/2017 16:09:31] "GET /static/admin/img/nav-bg-reverse.gif HTTP/1.1" 304 0
[07/Jun/2017 16:09:31] "GET /static/admin/img/nav-bg.gif HTTP/1.1" 304 0
[07/Jun/2017 16:09:31] "GET /static/admin/img/tooltag-add.png HTTP/1.1" 304 0
[07/Jun/2017 16:09:35] "GET /submitsql/ HTTP/1.1" 200 9445
[07/Jun/2017 16:09:35] "GET /static/bootstrap-3.3.7-dist/css/bootstrap.min.css HTTP/1.1" 304 0
[07/Jun/2017 16:09:35] "GET /static/user/css/user1.css HTTP/1.1" 304 0
[07/Jun/2017 16:09:35] "GET /static/bootstrap-3.3.7-dist/js/bootstrap.min.js HTTP/1.1" 304 0
[07/Jun/2017 16:09:35] "GET /static/jquery/jquery.min.js HTTP/1.1" 304 0
[07/Jun/2017 16:09:35] "GET /static/dist/js/bootstrap-select.js HTTP/1.1" 304 0
[07/Jun/2017 16:09:35] "GET /static/dist/css/bootstrap-select.css HTTP/1.1" 304 0
[07/Jun/2017 16:09:35] "GET /static/highcharts/highcharts.js HTTP/1.1" 304 0
[07/Jun/2017 16:09:35] "GET /static/user/js/autoreview.js HTTP/1.1" 304 0
[07/Jun/2017 16:09:35] "GET /static/user/js/charts.js HTTP/1.1" 304 0
[07/Jun/2017 16:09:35] "GET /static/user/js/submitsql.js HTTP/1.1" 304 0
[07/Jun/2017 16:09:38] "GET /allworkflow/ HTTP/1.1" 200 7102
[07/Jun/2017 16:09:38] "GET /static/user/css/user1.css HTTP/1.1" 304 0
[07/Jun/2017 16:09:38] "GET /static/bootstrap-3.3.7-dist/css/bootstrap.min.css HTTP/1.1" 304 0
[07/Jun/2017 16:09:38] "GET /static/dist/css/bootstrap-select.css HTTP/1.1" 304 0
[07/Jun/2017 16:09:38] "GET /static/bootstrap-3.3.7-dist/js/bootstrap.min.js HTTP/1.1" 304 0
[07/Jun/2017 16:09:38] "GET /static/jquery/jquery.min.js HTTP/1.1" 304 0
[07/Jun/2017 16:09:38] "GET /static/highcharts/highcharts.js HTTP/1.1" 304 0
[07/Jun/2017 16:09:38] "GET /static/user/js/autoreview.js HTTP/1.1" 304 0
[07/Jun/2017 16:09:38] "GET /static/dist/js/bootstrap-select.js HTTP/1.1" 304 0
[07/Jun/2017 16:09:38] "GET /static/user/js/submitsql.js HTTP/1.1" 304 0
[07/Jun/2017 16:09:38] "GET /static/user/js/charts.js HTTP/1.1" 304 0
[07/Jun/2017 16:09:39] "GET /admin/sql/users/ HTTP/1.1" 200 7968
[07/Jun/2017 16:09:39] "GET /static/admin/css/changelists.css HTTP/1.1" 304 0
[07/Jun/2017 16:09:39] "GET /static/admin/js/jquery.js HTTP/1.1" 304 0
[07/Jun/2017 16:09:39] "GET /static/admin/js/jquery.init.js HTTP/1.1" 304 0
[07/Jun/2017 16:09:39] "GET /static/admin/js/admin/RelatedObjectLookups.js HTTP/1.1" 304 0
[07/Jun/2017 16:09:39] "GET /static/admin/css/base.css HTTP/1.1" 304 0
[07/Jun/2017 16:09:39] "GET /static/admin/js/core.js HTTP/1.1" 304 0
[07/Jun/2017 16:09:39] "GET /static/admin/js/actions.js HTTP/1.1" 304 0
[07/Jun/2017 16:09:39] "GET /admin/jsi18n/ HTTP/1.1" 200 2344
[07/Jun/2017 16:09:39] "GET /static/admin/img/icon-no.gif HTTP/1.1" 304 0
[07/Jun/2017 16:09:39] "GET /static/admin/img/icon-yes.gif HTTP/1.1" 304 0
[07/Jun/2017 16:09:39] "GET /static/admin/img/changelist-bg.gif HTTP/1.1" 304 0
[07/Jun/2017 16:09:39] "GET /static/admin/img/icon_searchbox.png HTTP/1.1" 304 0
[07/Jun/2017 16:09:39] "GET /static/admin/img/nav-bg-reverse.gif HTTP/1.1" 304 0
[07/Jun/2017 16:09:39] "GET /static/admin/img/tooltag-add.png HTTP/1.1" 304 0
[07/Jun/2017 16:09:39] "GET /static/admin/img/nav-bg.gif HTTP/1.1" 304 0
[07/Jun/2017 16:09:39] "GET /static/admin/img/default-bg.gif HTTP/1.1" 304 0
[07/Jun/2017 16:09:39] "GET /static/admin/img/nav-bg-selected.gif HTTP/1.1" 304 0
[07/Jun/2017 16:09:39] "GET /static/admin/img/sorting-icons.gif HTTP/1.1" 304 0
[07/Jun/2017 16:09:52] "GET /admin/sql/users/?q= HTTP/1.1" 200 8167
[07/Jun/2017 16:09:52] "GET /static/admin/css/base.css HTTP/1.1" 304 0
[07/Jun/2017 16:09:52] "GET /static/admin/css/changelists.css HTTP/1.1" 304 0
[07/Jun/2017 16:09:52] "GET /static/admin/js/jquery.js HTTP/1.1" 304 0
[07/Jun/2017 16:09:52] "GET /static/admin/js/jquery.init.js HTTP/1.1" 304 0
[07/Jun/2017 16:09:52] "GET /static/admin/js/core.js HTTP/1.1" 304 0
[07/Jun/2017 16:09:52] "GET /static/admin/js/admin/RelatedObjectLookups.js HTTP/1.1" 304 0
[07/Jun/2017 16:09:52] "GET /static/admin/js/actions.js HTTP/1.1" 304 0
[07/Jun/2017 16:09:52] "GET /admin/jsi18n/ HTTP/1.1" 200 2344
[07/Jun/2017 16:09:52] "GET /static/admin/img/icon_searchbox.png HTTP/1.1" 304 0
[07/Jun/2017 16:09:52] "GET /static/admin/img/nav-bg-reverse.gif HTTP/1.1" 304 0
[07/Jun/2017 16:09:52] "GET /static/admin/img/tooltag-add.png HTTP/1.1" 304 0
[07/Jun/2017 16:09:52] "GET /static/admin/img/changelist-bg.gif HTTP/1.1" 304 0
[07/Jun/2017 16:09:52] "GET /static/admin/img/nav-bg.gif HTTP/1.1" 304 0
[07/Jun/2017 16:09:52] "GET /static/admin/img/icon-yes.gif HTTP/1.1" 304 0
[07/Jun/2017 16:09:52] "GET /static/admin/img/icon-no.gif HTTP/1.1" 304 0
[07/Jun/2017 16:09:52] "GET /static/admin/img/default-bg.gif HTTP/1.1" 304 0
[07/Jun/2017 16:09:52] "GET /static/admin/img/nav-bg-selected.gif HTTP/1.1" 304 0
[07/Jun/2017 16:09:52] "GET /static/admin/img/sorting-icons.gif HTTP/1.1" 304 0
Traceback (most recent call last):
  File "/usr/local/python3.4/lib/python3.4/socketserver.py", line 609, in process_request_thread
    self.finish_request(request, client_address)
  File "/usr/local/python3.4/lib/python3.4/socketserver.py", line 344, in finish_request
    self.RequestHandlerClass(request, client_address, self)
  File "/usr/local/python3.4/lib/python3.4/site-packages/django/core/servers/basehttp.py", line 102, in __init__
    super(WSGIRequestHandler, self).__init__(*args, **kwargs)
  File "/usr/local/python3.4/lib/python3.4/socketserver.py", line 665, in __init__
    self.handle()
  File "/usr/local/python3.4/lib/python3.4/site-packages/django/core/servers/basehttp.py", line 167, in handle
    self.raw_requestline = self.rfile.readline(65537)
  File "/usr/local/python3.4/lib/python3.4/socket.py", line 371, in readinto
    return self._sock.recv_into(b)
ConnectionResetError: [Errno 104] Connection reset by peer
[07/Jun/2017 16:10:01] "GET /admin/sql/users/?is_staff__exact=1&q= HTTP/1.1" 200 8013
[07/Jun/2017 16:10:01] "GET /static/admin/css/changelists.css HTTP/1.1" 304 0
[07/Jun/2017 16:10:01] "GET /static/admin/css/base.css HTTP/1.1" 304 0
[07/Jun/2017 16:10:01] "GET /static/admin/js/core.js HTTP/1.1" 304 0
[07/Jun/2017 16:10:01] "GET /static/admin/js/jquery.js HTTP/1.1" 304 0
[07/Jun/2017 16:10:01] "GET /static/admin/js/jquery.init.js HTTP/1.1" 304 0
[07/Jun/2017 16:10:01] "GET /static/admin/js/admin/RelatedObjectLookups.js HTTP/1.1" 304 0
[07/Jun/2017 16:10:01] "GET /static/admin/js/actions.js HTTP/1.1" 304 0
[07/Jun/2017 16:10:01] "GET /admin/jsi18n/ HTTP/1.1" 200 2344
[07/Jun/2017 16:10:01] "GET /static/admin/img/nav-bg-reverse.gif HTTP/1.1" 304 0
[07/Jun/2017 16:10:01] "GET /static/admin/img/tooltag-add.png HTTP/1.1" 304 0
[07/Jun/2017 16:10:01] "GET /static/admin/img/icon_searchbox.png HTTP/1.1" 304 0
[07/Jun/2017 16:10:01] "GET /static/admin/img/changelist-bg.gif HTTP/1.1" 304 0
[07/Jun/2017 16:10:01] "GET /static/admin/img/nav-bg.gif HTTP/1.1" 304 0
[07/Jun/2017 16:10:01] "GET /static/admin/img/icon-yes.gif HTTP/1.1" 304 0
[07/Jun/2017 16:10:01] "GET /static/admin/img/default-bg.gif HTTP/1.1" 304 0
[07/Jun/2017 16:10:01] "GET /static/admin/img/nav-bg-selected.gif HTTP/1.1" 304 0
[07/Jun/2017 16:10:01] "GET /static/admin/img/sorting-icons.gif HTTP/1.1" 304 0
[07/Jun/2017 16:10:10] "POST /admin/sql/users/?is_staff__exact=1&q= HTTP/1.1" 200 8192
[07/Jun/2017 16:10:10] "GET /static/admin/css/base.css HTTP/1.1" 304 0
[07/Jun/2017 16:10:10] "GET /static/admin/js/jquery.js HTTP/1.1" 304 0
[07/Jun/2017 16:10:10] "GET /static/admin/js/core.js HTTP/1.1" 304 0
[07/Jun/2017 16:10:10] "GET /static/admin/js/jquery.init.js HTTP/1.1" 304 0
[07/Jun/2017 16:10:10] "GET /static/admin/js/admin/RelatedObjectLookups.js HTTP/1.1" 304 0
[07/Jun/2017 16:10:10] "GET /static/admin/css/changelists.css HTTP/1.1" 304 0
[07/Jun/2017 16:10:10] "GET /static/admin/js/actions.js HTTP/1.1" 304 0
[07/Jun/2017 16:10:10] "GET /admin/jsi18n/ HTTP/1.1" 200 2344
[07/Jun/2017 16:10:10] "GET /static/admin/img/icon_alert.gif HTTP/1.1" 200 145
[07/Jun/2017 16:10:10] "GET /static/admin/img/icon_searchbox.png HTTP/1.1" 304 0
[07/Jun/2017 16:10:10] "GET /static/admin/img/tooltag-add.png HTTP/1.1" 304 0
[07/Jun/2017 16:10:10] "GET /static/admin/img/nav-bg-reverse.gif HTTP/1.1" 304 0
[07/Jun/2017 16:10:10] "GET /static/admin/img/changelist-bg.gif HTTP/1.1" 304 0
[07/Jun/2017 16:10:10] "GET /static/admin/img/nav-bg.gif HTTP/1.1" 304 0
[07/Jun/2017 16:10:10] "GET /static/admin/img/default-bg.gif HTTP/1.1" 304 0
[07/Jun/2017 16:10:10] "GET /static/admin/img/icon-yes.gif HTTP/1.1" 304 0
[07/Jun/2017 16:10:10] "GET /static/admin/img/nav-bg-selected.gif HTTP/1.1" 304 0
[07/Jun/2017 16:10:10] "GET /static/admin/img/sorting-icons.gif HTTP/1.1" 304 0
[07/Jun/2017 16:10:16] "GET /charts/ HTTP/1.1" 200 5839
[07/Jun/2017 16:10:16] "GET /static/bootstrap-3.3.7-dist/css/bootstrap.min.css HTTP/1.1" 304 0
[07/Jun/2017 16:10:16] "GET /static/user/css/user1.css HTTP/1.1" 304 0
[07/Jun/2017 16:10:16] "GET /static/dist/css/bootstrap-select.css HTTP/1.1" 304 0
[07/Jun/2017 16:10:16] "GET /static/jquery/jquery.min.js HTTP/1.1" 304 0
[07/Jun/2017 16:10:16] "GET /static/bootstrap-3.3.7-dist/js/bootstrap.min.js HTTP/1.1" 304 0
[07/Jun/2017 16:10:16] "GET /static/highcharts/highcharts.js HTTP/1.1" 304 0
[07/Jun/2017 16:10:16] "GET /static/dist/js/bootstrap-select.js HTTP/1.1" 304 0
[07/Jun/2017 16:10:16] "GET /static/user/js/autoreview.js HTTP/1.1" 304 0
[07/Jun/2017 16:10:16] "GET /static/user/js/submitsql.js HTTP/1.1" 304 0
[07/Jun/2017 16:10:16] "GET /static/user/js/charts.js HTTP/1.1" 304 0
[07/Jun/2017 16:10:16] "GET /getMonthCharts/?_=1496824371750 HTTP/1.1" 200 2
[07/Jun/2017 16:10:16] "GET /getPersonCharts/?_=1496824371751 HTTP/1.1" 200 2
[07/Jun/2017 16:10:17] "GET /dbaprinciples/ HTTP/1.1" 200 5636
[07/Jun/2017 16:10:17] "GET /static/user/css/user1.css HTTP/1.1" 304 0
[07/Jun/2017 16:10:17] "GET /static/bootstrap-3.3.7-dist/css/bootstrap.min.css HTTP/1.1" 304 0
[07/Jun/2017 16:10:17] "GET /static/jquery/jquery.min.js HTTP/1.1" 304 0
[07/Jun/2017 16:10:17] "GET /static/dist/css/bootstrap-select.css HTTP/1.1" 304 0
[07/Jun/2017 16:10:17] "GET /static/bootstrap-3.3.7-dist/js/bootstrap.min.js HTTP/1.1" 304 0
[07/Jun/2017 16:10:17] "GET /static/highcharts/highcharts.js HTTP/1.1" 304 0
[07/Jun/2017 16:10:17] "GET /static/user/js/autoreview.js HTTP/1.1" 304 0
[07/Jun/2017 16:10:17] "GET /static/dist/js/bootstrap-select.js HTTP/1.1" 304 0
[07/Jun/2017 16:10:18] "GET /static/user/js/charts.js HTTP/1.1" 304 0
[07/Jun/2017 16:10:18] "GET /static/user/js/submitsql.js HTTP/1.1" 304 0
[07/Jun/2017 16:10:18] "GET /admin/sql/workflow/ HTTP/1.1" 200 3602
[07/Jun/2017 16:10:18] "GET /static/admin/css/base.css HTTP/1.1" 304 0
[07/Jun/2017 16:10:18] "GET /static/admin/js/core.js HTTP/1.1" 304 0
[07/Jun/2017 16:10:18] "GET /static/admin/css/changelists.css HTTP/1.1" 304 0
[07/Jun/2017 16:10:18] "GET /static/admin/js/jquery.js HTTP/1.1" 304 0
[07/Jun/2017 16:10:18] "GET /static/admin/js/admin/RelatedObjectLookups.js HTTP/1.1" 304 0
[07/Jun/2017 16:10:18] "GET /static/admin/js/jquery.init.js HTTP/1.1" 304 0
[07/Jun/2017 16:10:18] "GET /static/admin/js/actions.js HTTP/1.1" 304 0
[07/Jun/2017 16:10:18] "GET /admin/jsi18n/ HTTP/1.1" 200 2344
[07/Jun/2017 16:10:18] "GET /static/admin/img/icon_searchbox.png HTTP/1.1" 304 0
[07/Jun/2017 16:10:18] "GET /static/admin/img/nav-bg-reverse.gif HTTP/1.1" 304 0
[07/Jun/2017 16:10:18] "GET /static/admin/img/tooltag-add.png HTTP/1.1" 304 0
[07/Jun/2017 16:10:18] "GET /static/admin/img/nav-bg.gif HTTP/1.1" 304 0
[07/Jun/2017 16:10:23] "GET /admin/sql/users/ HTTP/1.1" 200 7968
[07/Jun/2017 16:10:23] "GET /static/admin/css/base.css HTTP/1.1" 304 0
[07/Jun/2017 16:10:23] "GET /static/admin/css/changelists.css HTTP/1.1" 304 0
[07/Jun/2017 16:10:23] "GET /static/admin/js/core.js HTTP/1.1" 304 0
[07/Jun/2017 16:10:23] "GET /static/admin/js/jquery.init.js HTTP/1.1" 304 0
[07/Jun/2017 16:10:23] "GET /static/admin/js/jquery.js HTTP/1.1" 304 0
[07/Jun/2017 16:10:23] "GET /admin/jsi18n/ HTTP/1.1" 200 2344
[07/Jun/2017 16:10:23] "GET /static/admin/js/admin/RelatedObjectLookups.js HTTP/1.1" 304 0
[07/Jun/2017 16:10:23] "GET /static/admin/js/actions.js HTTP/1.1" 304 0
[07/Jun/2017 16:10:23] "GET /static/admin/img/icon_searchbox.png HTTP/1.1" 304 0
[07/Jun/2017 16:10:23] "GET /static/admin/img/nav-bg.gif HTTP/1.1" 304 0
[07/Jun/2017 16:10:23] "GET /static/admin/img/nav-bg-reverse.gif HTTP/1.1" 304 0
[07/Jun/2017 16:10:23] "GET /static/admin/img/tooltag-add.png HTTP/1.1" 304 0
[07/Jun/2017 16:10:23] "GET /static/admin/img/changelist-bg.gif HTTP/1.1" 304 0
[07/Jun/2017 16:10:23] "GET /static/admin/img/icon-yes.gif HTTP/1.1" 304 0
[07/Jun/2017 16:10:23] "GET /static/admin/img/icon-no.gif HTTP/1.1" 304 0
[07/Jun/2017 16:10:23] "GET /static/admin/img/default-bg.gif HTTP/1.1" 304 0
[07/Jun/2017 16:10:23] "GET /static/admin/img/nav-bg-selected.gif HTTP/1.1" 304 0
[07/Jun/2017 16:10:23] "GET /static/admin/img/sorting-icons.gif HTTP/1.1" 304 0
Traceback (most recent call last):
  File "/usr/local/python3.4/lib/python3.4/socketserver.py", line 609, in process_request_thread
    self.finish_request(request, client_address)
  File "/usr/local/python3.4/lib/python3.4/socketserver.py", line 344, in finish_request
    self.RequestHandlerClass(request, client_address, self)
  File "/usr/local/python3.4/lib/python3.4/site-packages/django/core/servers/basehttp.py", line 102, in __init__
    super(WSGIRequestHandler, self).__init__(*args, **kwargs)
  File "/usr/local/python3.4/lib/python3.4/socketserver.py", line 665, in __init__
    self.handle()
  File "/usr/local/python3.4/lib/python3.4/site-packages/django/core/servers/basehttp.py", line 167, in handle
    self.raw_requestline = self.rfile.readline(65537)
  File "/usr/local/python3.4/lib/python3.4/socket.py", line 371, in readinto
    return self._sock.recv_into(b)
ConnectionResetError: [Errno 104] Connection reset by peer
[07/Jun/2017 16:10:38] "GET /admin/sql/users/add/ HTTP/1.1" 200 6788
[07/Jun/2017 16:10:38] "GET /static/admin/css/base.css HTTP/1.1" 304 0
[07/Jun/2017 16:10:38] "GET /static/admin/js/core.js HTTP/1.1" 304 0
[07/Jun/2017 16:10:38] "GET /static/admin/css/forms.css HTTP/1.1" 304 0
[07/Jun/2017 16:10:38] "GET /static/admin/js/jquery.js HTTP/1.1" 304 0
[07/Jun/2017 16:10:38] "GET /static/admin/js/jquery.init.js HTTP/1.1" 304 0
[07/Jun/2017 16:10:38] "GET /admin/jsi18n/ HTTP/1.1" 200 2344
[07/Jun/2017 16:10:38] "GET /static/admin/js/admin/RelatedObjectLookups.js HTTP/1.1" 304 0
[07/Jun/2017 16:10:38] "GET /static/admin/js/actions.js HTTP/1.1" 304 0
[07/Jun/2017 16:10:38] "GET /static/admin/css/widgets.css HTTP/1.1" 304 0
[07/Jun/2017 16:10:38] "GET /static/admin/img/nav-bg-reverse.gif HTTP/1.1" 304 0
[07/Jun/2017 16:10:38] "GET /static/admin/img/default-bg.gif HTTP/1.1" 304 0
[07/Jun/2017 16:10:38] "GET /static/admin/img/nav-bg.gif HTTP/1.1" 304 0
[07/Jun/2017 16:11:48] "POST /admin/sql/users/add/ HTTP/1.1" 302 0
Traceback (most recent call last):
  File "/usr/local/python3.4/lib/python3.4/socketserver.py", line 609, in process_request_thread
    self.finish_request(request, client_address)
  File "/usr/local/python3.4/lib/python3.4/socketserver.py", line 344, in finish_request
    self.RequestHandlerClass(request, client_address, self)
  File "/usr/local/python3.4/lib/python3.4/site-packages/django/core/servers/basehttp.py", line 102, in __init__
    super(WSGIRequestHandler, self).__init__(*args, **kwargs)
  File "/usr/local/python3.4/lib/python3.4/socketserver.py", line 665, in __init__
    self.handle()
  File "/usr/local/python3.4/lib/python3.4/site-packages/django/core/servers/basehttp.py", line 167, in handle
    self.raw_requestline = self.rfile.readline(65537)
  File "/usr/local/python3.4/lib/python3.4/socket.py", line 371, in readinto
    return self._sock.recv_into(b)
ConnectionResetError: [Errno 104] Connection reset by peer
[07/Jun/2017 16:11:49] "GET /admin/sql/users/3/ HTTP/1.1" 200 8092
[07/Jun/2017 16:11:49] "GET /static/admin/css/forms.css HTTP/1.1" 304 0
[07/Jun/2017 16:11:49] "GET /static/admin/css/base.css HTTP/1.1" 304 0
[07/Jun/2017 16:11:49] "GET /static/admin/js/core.js HTTP/1.1" 304 0
[07/Jun/2017 16:11:49] "GET /static/admin/js/jquery.js HTTP/1.1" 304 0
[07/Jun/2017 16:11:49] "GET /static/admin/js/jquery.init.js HTTP/1.1" 304 0
[07/Jun/2017 16:11:49] "GET /admin/jsi18n/ HTTP/1.1" 200 2344
[07/Jun/2017 16:11:49] "GET /static/admin/js/admin/RelatedObjectLookups.js HTTP/1.1" 304 0
[07/Jun/2017 16:11:49] "GET /static/admin/js/actions.js HTTP/1.1" 304 0
[07/Jun/2017 16:11:49] "GET /static/admin/css/widgets.css HTTP/1.1" 304 0
[07/Jun/2017 16:11:49] "GET /static/admin/img/icon_success.gif HTTP/1.1" 304 0
[07/Jun/2017 16:11:49] "GET /static/admin/img/icon_deletelink.gif HTTP/1.1" 304 0
[07/Jun/2017 16:11:49] "GET /static/admin/img/nav-bg-reverse.gif HTTP/1.1" 304 0
[07/Jun/2017 16:11:49] "GET /static/admin/img/default-bg.gif HTTP/1.1" 304 0
[07/Jun/2017 16:11:49] "GET /static/admin/img/nav-bg.gif HTTP/1.1" 304 0
[07/Jun/2017 16:11:56] "GET /static/admin/img/default-bg-reverse.gif HTTP/1.1" 304 0
[07/Jun/2017 16:11:56] "POST /admin/sql/users/3/ HTTP/1.1" 302 0
[07/Jun/2017 16:11:57] "GET /admin/sql/users/ HTTP/1.1" 200 8781
[07/Jun/2017 16:11:57] "GET /static/admin/css/changelists.css HTTP/1.1" 304 0
[07/Jun/2017 16:11:57] "GET /static/admin/css/base.css HTTP/1.1" 304 0
[07/Jun/2017 16:11:57] "GET /static/admin/js/jquery.init.js HTTP/1.1" 304 0
[07/Jun/2017 16:11:57] "GET /static/admin/js/jquery.js HTTP/1.1" 304 0
[07/Jun/2017 16:11:57] "GET /static/admin/js/core.js HTTP/1.1" 304 0
[07/Jun/2017 16:11:57] "GET /static/admin/js/actions.js HTTP/1.1" 304 0
[07/Jun/2017 16:11:57] "GET /static/admin/js/admin/RelatedObjectLookups.js HTTP/1.1" 304 0
[07/Jun/2017 16:11:57] "GET /admin/jsi18n/ HTTP/1.1" 200 2344
[07/Jun/2017 16:11:57] "GET /static/admin/img/icon_searchbox.png HTTP/1.1" 304 0
[07/Jun/2017 16:11:57] "GET /static/admin/img/nav-bg-reverse.gif HTTP/1.1" 304 0
[07/Jun/2017 16:11:57] "GET /static/admin/img/tooltag-add.png HTTP/1.1" 304 0
[07/Jun/2017 16:11:57] "GET /static/admin/img/icon_success.gif HTTP/1.1" 304 0
[07/Jun/2017 16:11:57] "GET /static/admin/img/changelist-bg.gif HTTP/1.1" 304 0
[07/Jun/2017 16:11:57] "GET /static/admin/img/nav-bg.gif HTTP/1.1" 304 0
[07/Jun/2017 16:11:57] "GET /static/admin/img/icon-yes.gif HTTP/1.1" 304 0
[07/Jun/2017 16:11:57] "GET /static/admin/img/default-bg.gif HTTP/1.1" 304 0
[07/Jun/2017 16:11:57] "GET /static/admin/img/icon-no.gif HTTP/1.1" 304 0
[07/Jun/2017 16:11:57] "GET /static/admin/img/nav-bg-selected.gif HTTP/1.1" 304 0
[07/Jun/2017 16:11:57] "GET /static/admin/img/sorting-icons.gif HTTP/1.1" 304 0
[07/Jun/2017 16:12:06] "GET /submitsql/ HTTP/1.1" 200 9507
[07/Jun/2017 16:12:06] "GET /static/dist/css/bootstrap-select.css HTTP/1.1" 304 0
[07/Jun/2017 16:12:06] "GET /static/bootstrap-3.3.7-dist/css/bootstrap.min.css HTTP/1.1" 304 0
[07/Jun/2017 16:12:06] "GET /static/user/css/user1.css HTTP/1.1" 304 0
[07/Jun/2017 16:12:06] "GET /static/bootstrap-3.3.7-dist/js/bootstrap.min.js HTTP/1.1" 304 0
[07/Jun/2017 16:12:06] "GET /static/highcharts/highcharts.js HTTP/1.1" 304 0
[07/Jun/2017 16:12:06] "GET /static/jquery/jquery.min.js HTTP/1.1" 304 0
[07/Jun/2017 16:12:06] "GET /static/dist/js/bootstrap-select.js HTTP/1.1" 304 0
Performing system checks...

System check identified no issues (0 silenced).
June 07, 2017 - 15:50:29
Django version 1.8.17, using settings 'archer.settings'
Starting development server at http://0.0.0.0:8080/
Quit the server with CONTROL-C.
----------------------------------------
Exception happened during processing of request from ('192.168.10.254', 8042)
----------------------------------------
----------------------------------------
Exception happened during processing of request from ('192.168.10.254', 16030)
----------------------------------------
----------------------------------------
Exception happened during processing of request from ('192.168.10.254', 12783)
----------------------------------------
----------------------------------------
Exception happened during processing of request from ('192.168.10.254', 9991)
----------------------------------------
----------------------------------------
Exception happened during processing of request from ('192.168.10.254', 27953)
----------------------------------------
----------------------------------------
Exception happened during processing of request from ('192.168.10.254', 26853)
----------------------------------------
----------------------------------------
Exception happened during processing of request from ('192.168.10.254', 7798)
----------------------------------------
----------------------------------------
Exception happened during processing of request from ('192.168.10.254', 26159)
----------------------------------------
----------------------------------------
Exception happened during processing of request from ('192.168.10.254', 9020)
----------------------------------------
----------------------------------------
Exception happened during processing of request from ('192.168.10.254', 8743)
----------------------------------------
----------------------------------------
Exception happened during processing of request from ('192.168.10.254', 17871)
----------------------------------------
----------------------------------------
Exception happened during processing of request from ('192.168.10.254', 25939)
----------------------------------------
----------------------------------------
Exception happened during processing of request from ('192.168.10.254', 21272)
----------------------------------------
Mysql Error 2576: Must start as begin statement.
Mysql Error 2576: Must start as begin statement.
----------------------------------------
Exception happened during processing of request from ('192.168.10.254', 9630)
----------------------------------------
Mysql Error 2576: Must start as begin statement.
----------------------------------------
Exception happened during processing of request from ('192.168.10.254', 14961)
----------------------------------------
[07/Jun/2017 16:12:06] "GET /static/user/js/autoreview.js HTTP/1.1" 304 0
[07/Jun/2017 16:12:06] "GET /static/user/js/submitsql.js HTTP/1.1" 304 0
[07/Jun/2017 16:12:06] "GET /static/user/js/charts.js HTTP/1.1" 304 0
[07/Jun/2017 16:13:00] "POST /simplecheck/ HTTP/1.1" 200 162
[07/Jun/2017 16:13:12] "POST /autoreview/ HTTP/1.1" 200 5588
[07/Jun/2017 16:13:12] "GET /static/bootstrap-3.3.7-dist/css/bootstrap.min.css HTTP/1.1" 304 0
[07/Jun/2017 16:13:12] "GET /static/dist/css/bootstrap-select.css HTTP/1.1" 304 0
[07/Jun/2017 16:13:12] "GET /static/jquery/jquery.min.js HTTP/1.1" 304 0
[07/Jun/2017 16:13:12] "GET /static/user/css/user1.css HTTP/1.1" 304 0
[07/Jun/2017 16:13:12] "GET /static/highcharts/highcharts.js HTTP/1.1" 304 0
[07/Jun/2017 16:13:12] "GET /static/dist/js/bootstrap-select.js HTTP/1.1" 304 0
[07/Jun/2017 16:13:12] "GET /static/bootstrap-3.3.7-dist/js/bootstrap.min.js HTTP/1.1" 304 0
[07/Jun/2017 16:13:12] "GET /static/user/js/autoreview.js HTTP/1.1" 304 0
[07/Jun/2017 16:13:12] "GET /static/user/js/charts.js HTTP/1.1" 304 0
[07/Jun/2017 16:13:12] "GET /static/user/js/submitsql.js HTTP/1.1" 304 0
Traceback (most recent call last):
  File "/usr/local/python3.4/lib/python3.4/socketserver.py", line 609, in process_request_thread
    self.finish_request(request, client_address)
  File "/usr/local/python3.4/lib/python3.4/socketserver.py", line 344, in finish_request
    self.RequestHandlerClass(request, client_address, self)
  File "/usr/local/python3.4/lib/python3.4/site-packages/django/core/servers/basehttp.py", line 102, in __init__
    super(WSGIRequestHandler, self).__init__(*args, **kwargs)
  File "/usr/local/python3.4/lib/python3.4/socketserver.py", line 665, in __init__
    self.handle()
  File "/usr/local/python3.4/lib/python3.4/site-packages/django/core/servers/basehttp.py", line 167, in handle
    self.raw_requestline = self.rfile.readline(65537)
  File "/usr/local/python3.4/lib/python3.4/socket.py", line 371, in readinto
    return self._sock.recv_into(b)
ConnectionResetError: [Errno 104] Connection reset by peer
[07/Jun/2017 16:13:16] "GET /submitsql/ HTTP/1.1" 200 9507
[07/Jun/2017 16:13:16] "GET /static/user/css/user1.css HTTP/1.1" 304 0
[07/Jun/2017 16:13:17] "GET /static/bootstrap-3.3.7-dist/css/bootstrap.min.css HTTP/1.1" 304 0
[07/Jun/2017 16:13:17] "GET /static/dist/css/bootstrap-select.css HTTP/1.1" 304 0
[07/Jun/2017 16:13:17] "GET /static/highcharts/highcharts.js HTTP/1.1" 304 0
[07/Jun/2017 16:13:17] "GET /static/jquery/jquery.min.js HTTP/1.1" 304 0
[07/Jun/2017 16:13:17] "GET /static/bootstrap-3.3.7-dist/js/bootstrap.min.js HTTP/1.1" 304 0
[07/Jun/2017 16:13:17] "GET /static/dist/js/bootstrap-select.js HTTP/1.1" 304 0
[07/Jun/2017 16:13:17] "GET /static/user/js/autoreview.js HTTP/1.1" 304 0
[07/Jun/2017 16:13:17] "GET /static/user/js/submitsql.js HTTP/1.1" 304 0
[07/Jun/2017 16:13:17] "GET /static/user/js/charts.js HTTP/1.1" 304 0
[07/Jun/2017 16:13:45] "POST /simplecheck/ HTTP/1.1" 200 162
[07/Jun/2017 16:13:55] "POST /simplecheck/ HTTP/1.1" 200 154
[07/Jun/2017 16:13:57] "POST /simplecheck/ HTTP/1.1" 200 154
[07/Jun/2017 16:14:05] "POST /autoreview/ HTTP/1.1" 200 5586
[07/Jun/2017 16:14:05] "GET /static/bootstrap-3.3.7-dist/css/bootstrap.min.css HTTP/1.1" 304 0
[07/Jun/2017 16:14:05] "GET /static/dist/css/bootstrap-select.css HTTP/1.1" 304 0
[07/Jun/2017 16:14:05] "GET /static/user/css/user1.css HTTP/1.1" 304 0
[07/Jun/2017 16:14:05] "GET /static/jquery/jquery.min.js HTTP/1.1" 304 0
[07/Jun/2017 16:14:05] "GET /static/bootstrap-3.3.7-dist/js/bootstrap.min.js HTTP/1.1" 304 0
[07/Jun/2017 16:14:05] "GET /static/highcharts/highcharts.js HTTP/1.1" 304 0
[07/Jun/2017 16:14:05] "GET /static/dist/js/bootstrap-select.js HTTP/1.1" 304 0
[07/Jun/2017 16:14:05] "GET /static/user/js/submitsql.js HTTP/1.1" 304 0
[07/Jun/2017 16:14:05] "GET /static/user/js/autoreview.js HTTP/1.1" 304 0
[07/Jun/2017 16:14:05] "GET /static/user/js/charts.js HTTP/1.1" 304 0
Traceback (most recent call last):
  File "/usr/local/python3.4/lib/python3.4/socketserver.py", line 609, in process_request_thread
    self.finish_request(request, client_address)
  File "/usr/local/python3.4/lib/python3.4/socketserver.py", line 344, in finish_request
    self.RequestHandlerClass(request, client_address, self)
  File "/usr/local/python3.4/lib/python3.4/site-packages/django/core/servers/basehttp.py", line 102, in __init__
    super(WSGIRequestHandler, self).__init__(*args, **kwargs)
  File "/usr/local/python3.4/lib/python3.4/socketserver.py", line 665, in __init__
    self.handle()
  File "/usr/local/python3.4/lib/python3.4/site-packages/django/core/servers/basehttp.py", line 167, in handle
    self.raw_requestline = self.rfile.readline(65537)
  File "/usr/local/python3.4/lib/python3.4/socket.py", line 371, in readinto
    return self._sock.recv_into(b)
ConnectionResetError: [Errno 104] Connection reset by peer
[07/Jun/2017 16:14:08] "GET /allworkflow/ HTTP/1.1" 200 7102
[07/Jun/2017 16:14:08] "GET /static/dist/css/bootstrap-select.css HTTP/1.1" 304 0
[07/Jun/2017 16:14:08] "GET /static/user/css/user1.css HTTP/1.1" 304 0
[07/Jun/2017 16:14:08] "GET /static/bootstrap-3.3.7-dist/css/bootstrap.min.css HTTP/1.1" 304 0
[07/Jun/2017 16:14:08] "GET /static/jquery/jquery.min.js HTTP/1.1" 304 0
[07/Jun/2017 16:14:08] "GET /static/bootstrap-3.3.7-dist/js/bootstrap.min.js HTTP/1.1" 304 0
[07/Jun/2017 16:14:08] "GET /static/highcharts/highcharts.js HTTP/1.1" 304 0
[07/Jun/2017 16:14:08] "GET /static/user/js/autoreview.js HTTP/1.1" 304 0
[07/Jun/2017 16:14:08] "GET /static/dist/js/bootstrap-select.js HTTP/1.1" 304 0
[07/Jun/2017 16:14:08] "GET /static/user/js/submitsql.js HTTP/1.1" 304 0
[07/Jun/2017 16:14:08] "GET /static/user/js/charts.js HTTP/1.1" 304 0
[07/Jun/2017 16:14:09] "GET /submitsql/ HTTP/1.1" 200 9507
[07/Jun/2017 16:14:09] "GET /static/dist/css/bootstrap-select.css HTTP/1.1" 304 0
[07/Jun/2017 16:14:09] "GET /static/user/css/user1.css HTTP/1.1" 304 0
[07/Jun/2017 16:14:09] "GET /static/jquery/jquery.min.js HTTP/1.1" 304 0
[07/Jun/2017 16:14:09] "GET /static/bootstrap-3.3.7-dist/js/bootstrap.min.js HTTP/1.1" 304 0
[07/Jun/2017 16:14:09] "GET /static/bootstrap-3.3.7-dist/css/bootstrap.min.css HTTP/1.1" 304 0
[07/Jun/2017 16:14:09] "GET /static/highcharts/highcharts.js HTTP/1.1" 304 0
[07/Jun/2017 16:14:09] "GET /static/dist/js/bootstrap-select.js HTTP/1.1" 304 0
[07/Jun/2017 16:14:09] "GET /static/user/js/submitsql.js HTTP/1.1" 304 0
[07/Jun/2017 16:14:09] "GET /static/user/js/autoreview.js HTTP/1.1" 304 0
[07/Jun/2017 16:14:09] "GET /static/user/js/charts.js HTTP/1.1" 304 0
[07/Jun/2017 16:15:16] "POST /simplecheck/ HTTP/1.1" 200 835
[07/Jun/2017 16:15:43] "POST /simplecheck/ HTTP/1.1" 200 848
[07/Jun/2017 16:15:50] "POST /simplecheck/ HTTP/1.1" 200 848
Process Process-1:
Traceback (most recent call last):
  File "/usr/local/python3.4/lib/python3.4/multiprocessing/process.py", line 254, in _bootstrap
    self.run()
  File "/usr/local/python3.4/lib/python3.4/multiprocessing/process.py", line 93, in run
    self._target(*self._args, **self._kwargs)
  File "/tmp/learn_git/archer/sql/sendmail.py", line 43, in _send
    server = smtplib.SMTP(self.MAIL_REVIEW_SMTP_SERVER, self.MAIL_REVIEW_SMTP_PORT)  # SMTP25
  File "/usr/local/python3.4/lib/python3.4/smtplib.py", line 242, in __init__
    (code, msg) = self.connect(host, port)
  File "/usr/local/python3.4/lib/python3.4/smtplib.py", line 321, in connect
    self.sock = self._get_socket(host, port, self.timeout)
  File "/usr/local/python3.4/lib/python3.4/smtplib.py", line 292, in _get_socket
    self.source_address)
  File "/usr/local/python3.4/lib/python3.4/socket.py", line 509, in create_connection
    raise err
  File "/usr/local/python3.4/lib/python3.4/socket.py", line 500, in create_connection
    sock.connect(sa)
TimeoutError: [Errno 110] Connection timed out
[07/Jun/2017 16:15:58] "POST /autoreview/ HTTP/1.1" 302 0
Traceback (most recent call last):
  File "/usr/local/python3.4/lib/python3.4/socketserver.py", line 609, in process_request_thread
    self.finish_request(request, client_address)
  File "/usr/local/python3.4/lib/python3.4/socketserver.py", line 344, in finish_request
    self.RequestHandlerClass(request, client_address, self)
  File "/usr/local/python3.4/lib/python3.4/site-packages/django/core/servers/basehttp.py", line 102, in __init__
    super(WSGIRequestHandler, self).__init__(*args, **kwargs)
  File "/usr/local/python3.4/lib/python3.4/socketserver.py", line 665, in __init__
    self.handle()
  File "/usr/local/python3.4/lib/python3.4/site-packages/django/core/servers/basehttp.py", line 167, in handle
    self.raw_requestline = self.rfile.readline(65537)
  File "/usr/local/python3.4/lib/python3.4/socket.py", line 371, in readinto
    return self._sock.recv_into(b)
ConnectionResetError: [Errno 104] Connection reset by peer
[07/Jun/2017 16:15:59] "GET /detail/1/ HTTP/1.1" 200 8469
[07/Jun/2017 16:15:59] "GET /static/bootstrap-3.3.7-dist/css/bootstrap.min.css HTTP/1.1" 304 0
[07/Jun/2017 16:15:59] "GET /static/user/css/user1.css HTTP/1.1" 304 0
[07/Jun/2017 16:15:59] "GET /static/dist/css/bootstrap-select.css HTTP/1.1" 304 0
[07/Jun/2017 16:15:59] "GET /static/jquery/jquery.min.js HTTP/1.1" 304 0
[07/Jun/2017 16:15:59] "GET /static/bootstrap-3.3.7-dist/js/bootstrap.min.js HTTP/1.1" 304 0
[07/Jun/2017 16:15:59] "GET /static/highcharts/highcharts.js HTTP/1.1" 304 0
[07/Jun/2017 16:15:59] "GET /static/user/js/autoreview.js HTTP/1.1" 304 0
[07/Jun/2017 16:15:59] "GET /static/dist/js/bootstrap-select.js HTTP/1.1" 304 0
[07/Jun/2017 16:15:59] "GET /static/user/js/charts.js HTTP/1.1" 304 0
[07/Jun/2017 16:15:59] "GET /static/user/js/submitsql.js HTTP/1.1" 304 0
[07/Jun/2017 16:16:25] "POST /cancel/ HTTP/1.1" 302 0
[07/Jun/2017 16:16:25] "GET /detail/1/ HTTP/1.1" 200 8091
[07/Jun/2017 16:16:25] "GET /static/bootstrap-3.3.7-dist/css/bootstrap.min.css HTTP/1.1" 304 0
[07/Jun/2017 16:16:25] "GET /static/user/css/user1.css HTTP/1.1" 304 0
[07/Jun/2017 16:16:25] "GET /static/dist/css/bootstrap-select.css HTTP/1.1" 304 0
[07/Jun/2017 16:16:25] "GET /static/jquery/jquery.min.js HTTP/1.1" 304 0
[07/Jun/2017 16:16:25] "GET /static/highcharts/highcharts.js HTTP/1.1" 304 0
[07/Jun/2017 16:16:25] "GET /static/bootstrap-3.3.7-dist/js/bootstrap.min.js HTTP/1.1" 304 0
[07/Jun/2017 16:16:25] "GET /static/dist/js/bootstrap-select.js HTTP/1.1" 304 0
[07/Jun/2017 16:16:25] "GET /static/user/js/autoreview.js HTTP/1.1" 304 0
[07/Jun/2017 16:16:25] "GET /static/user/js/submitsql.js HTTP/1.1" 304 0
[07/Jun/2017 16:16:25] "GET /static/user/js/charts.js HTTP/1.1" 304 0
[07/Jun/2017 16:16:28] "GET /submitsql/ HTTP/1.1" 200 9507
[07/Jun/2017 16:16:28] "GET /static/bootstrap-3.3.7-dist/css/bootstrap.min.css HTTP/1.1" 304 0
[07/Jun/2017 16:16:28] "GET /static/user/css/user1.css HTTP/1.1" 304 0
[07/Jun/2017 16:16:28] "GET /static/dist/css/bootstrap-select.css HTTP/1.1" 304 0
[07/Jun/2017 16:16:28] "GET /static/jquery/jquery.min.js HTTP/1.1" 304 0
[07/Jun/2017 16:16:28] "GET /static/bootstrap-3.3.7-dist/js/bootstrap.min.js HTTP/1.1" 304 0
[07/Jun/2017 16:16:28] "GET /static/highcharts/highcharts.js HTTP/1.1" 304 0
[07/Jun/2017 16:16:28] "GET /static/dist/js/bootstrap-select.js HTTP/1.1" 304 0
[07/Jun/2017 16:16:28] "GET /static/user/js/autoreview.js HTTP/1.1" 304 0
[07/Jun/2017 16:16:28] "GET /static/user/js/submitsql.js HTTP/1.1" 304 0
[07/Jun/2017 16:16:28] "GET /static/user/js/charts.js HTTP/1.1" 304 0
Traceback (most recent call last):
  File "/usr/local/python3.4/lib/python3.4/socketserver.py", line 609, in process_request_thread
    self.finish_request(request, client_address)
  File "/usr/local/python3.4/lib/python3.4/socketserver.py", line 344, in finish_request
    self.RequestHandlerClass(request, client_address, self)
  File "/usr/local/python3.4/lib/python3.4/site-packages/django/core/servers/basehttp.py", line 102, in __init__
    super(WSGIRequestHandler, self).__init__(*args, **kwargs)
  File "/usr/local/python3.4/lib/python3.4/socketserver.py", line 665, in __init__
    self.handle()
  File "/usr/local/python3.4/lib/python3.4/site-packages/django/core/servers/basehttp.py", line 167, in handle
    self.raw_requestline = self.rfile.readline(65537)
  File "/usr/local/python3.4/lib/python3.4/socket.py", line 371, in readinto
    return self._sock.recv_into(b)
ConnectionResetError: [Errno 104] Connection reset by peer
[07/Jun/2017 16:16:30] "GET /allworkflow/ HTTP/1.1" 200 7231
[07/Jun/2017 16:16:30] "GET /static/bootstrap-3.3.7-dist/css/bootstrap.min.css HTTP/1.1" 304 0
[07/Jun/2017 16:16:30] "GET /static/user/css/user1.css HTTP/1.1" 304 0
[07/Jun/2017 16:16:30] "GET /static/dist/css/bootstrap-select.css HTTP/1.1" 304 0
[07/Jun/2017 16:16:30] "GET /static/jquery/jquery.min.js HTTP/1.1" 304 0
[07/Jun/2017 16:16:30] "GET /static/highcharts/highcharts.js HTTP/1.1" 304 0
[07/Jun/2017 16:16:30] "GET /static/bootstrap-3.3.7-dist/js/bootstrap.min.js HTTP/1.1" 304 0
[07/Jun/2017 16:16:30] "GET /static/dist/js/bootstrap-select.js HTTP/1.1" 304 0
[07/Jun/2017 16:16:30] "GET /static/user/js/autoreview.js HTTP/1.1" 304 0
[07/Jun/2017 16:16:30] "GET /static/user/js/submitsql.js HTTP/1.1" 304 0
[07/Jun/2017 16:16:30] "GET /static/user/js/charts.js HTTP/1.1" 304 0
[07/Jun/2017 16:16:34] "GET /detail/1/ HTTP/1.1" 200 8091
[07/Jun/2017 16:16:34] "GET /static/bootstrap-3.3.7-dist/css/bootstrap.min.css HTTP/1.1" 304 0
[07/Jun/2017 16:16:34] "GET /static/user/css/user1.css HTTP/1.1" 304 0
[07/Jun/2017 16:16:34] "GET /static/jquery/jquery.min.js HTTP/1.1" 304 0
[07/Jun/2017 16:16:34] "GET /static/dist/css/bootstrap-select.css HTTP/1.1" 304 0
[07/Jun/2017 16:16:34] "GET /static/user/js/charts.js HTTP/1.1" 304 0
[07/Jun/2017 16:16:34] "GET /static/user/js/submitsql.js HTTP/1.1" 304 0
[07/Jun/2017 16:16:34] "GET /static/bootstrap-3.3.7-dist/js/bootstrap.min.js HTTP/1.1" 304 0
[07/Jun/2017 16:16:34] "GET /static/highcharts/highcharts.js HTTP/1.1" 304 0
[07/Jun/2017 16:16:34] "GET /static/dist/js/bootstrap-select.js HTTP/1.1" 304 0
[07/Jun/2017 16:16:34] "GET /static/user/js/autoreview.js HTTP/1.1" 304 0
[07/Jun/2017 16:23:06] "GET / HTTP/1.1" 302 0
[07/Jun/2017 16:23:06] "GET /login/ HTTP/1.0" 200 2950
[07/Jun/2017 16:23:08] "GET / HTTP/1.1" 302 0
[07/Jun/2017 16:23:08] "GET /login/ HTTP/1.1" 200 2950
[07/Jun/2017 16:23:08] "GET /static/user/js/login.js HTTP/1.1" 200 957
[07/Jun/2017 16:23:08] "GET /static/user/css/user1.css HTTP/1.1" 200 692
[07/Jun/2017 16:23:09] "GET /static/jquery/jquery.min.js HTTP/1.1" 200 93100
[07/Jun/2017 16:23:09] "GET /static/bootstrap-3.3.7-dist/js/bootstrap.min.js HTTP/1.1" 200 37045
[07/Jun/2017 16:23:09] "GET /static/bootstrap-3.3.7-dist/css/bootstrap.min.css HTTP/1.1" 200 121200
[07/Jun/2017 16:23:09] "GET /static/bootstrap-3.3.7-dist/js/bootstrap.min.js HTTP/1.1" 200 37045
[07/Jun/2017 16:23:09] "GET /static/user/js/login.js HTTP/1.1" 200 957
[07/Jun/2017 16:23:16] "GET / HTTP/1.1" 302 0
[07/Jun/2017 16:23:16] "GET /login/ HTTP/1.1" 200 2950
[07/Jun/2017 16:23:16] "GET /static/jquery/jquery.min.js HTTP/1.1" 200 93100
[07/Jun/2017 16:23:17] "GET /static/bootstrap-3.3.7-dist/js/bootstrap.min.js HTTP/1.1" 200 37045
[07/Jun/2017 16:23:17] "GET /static/user/js/login.js HTTP/1.1" 200 957
[07/Jun/2017 16:24:48] "GET / HTTP/1.1" 302 0
[07/Jun/2017 16:24:48] "GET /login/ HTTP/1.1" 200 2950
[07/Jun/2017 16:24:48] "GET /static/user/css/user1.css HTTP/1.1" 200 692
[07/Jun/2017 16:24:48] "GET /static/bootstrap-3.3.7-dist/css/bootstrap.min.css HTTP/1.1" 200 121200
[07/Jun/2017 16:24:48] "GET /static/bootstrap-3.3.7-dist/fonts/glyphicons-halflings-regular.eot? HTTP/1.1" 200 20127
[07/Jun/2017 16:24:48] "GET /static/bootstrap-3.3.7-dist/js/bootstrap.min.js HTTP/1.1" 200 37045
[07/Jun/2017 16:24:48] "GET /static/user/js/login.js HTTP/1.1" 200 957
[07/Jun/2017 16:24:50] "GET /static/jquery/jquery.min.js HTTP/1.1" 200 93100
[07/Jun/2017 16:25:05] "GET /login/ HTTP/1.1" 200 2950
[07/Jun/2017 16:25:05] "GET /static/user/css/user1.css HTTP/1.1" 304 0
[07/Jun/2017 16:25:05] "GET /static/bootstrap-3.3.7-dist/css/bootstrap.min.css HTTP/1.1" 304 0
[07/Jun/2017 16:25:05] "GET /static/bootstrap-3.3.7-dist/fonts/glyphicons-halflings-regular.eot? HTTP/1.1" 304 0
[07/Jun/2017 16:25:05] "GET /static/user/js/login.js HTTP/1.1" 304 0
[07/Jun/2017 16:25:05] "GET /static/jquery/jquery.min.js HTTP/1.1" 304 0
[07/Jun/2017 16:25:05] "GET /static/bootstrap-3.3.7-dist/js/bootstrap.min.js HTTP/1.1" 304 0
[07/Jun/2017 16:25:25] "GET / HTTP/1.1" 302 0
[07/Jun/2017 16:25:45] "GET / HTTP/1.1" 302 0
[07/Jun/2017 16:25:45] "GET /login/ HTTP/1.1" 200 2950
[07/Jun/2017 16:25:45] "GET /static/user/css/user1.css HTTP/1.1" 200 692
[07/Jun/2017 16:25:45] "GET /static/user/js/login.js HTTP/1.1" 200 957
[07/Jun/2017 16:25:45] "GET /static/bootstrap-3.3.7-dist/js/bootstrap.min.js HTTP/1.1" 200 37045
[07/Jun/2017 16:25:45] "GET /static/bootstrap-3.3.7-dist/css/bootstrap.min.css HTTP/1.1" 200 121200
[07/Jun/2017 16:25:45] "GET /static/jquery/jquery.min.js HTTP/1.1" 200 93100
[07/Jun/2017 16:26:41] "POST /authenticate/ HTTP/1.1" 200 38
[07/Jun/2017 16:26:42] "GET /allworkflow/ HTTP/1.1" 200 7231
[07/Jun/2017 16:26:42] "GET /static/dist/css/bootstrap-select.css HTTP/1.1" 200 6643
[07/Jun/2017 16:26:42] "GET /static/user/js/autoreview.js HTTP/1.1" 200 1932
[07/Jun/2017 16:26:43] "GET /static/user/js/submitsql.js HTTP/1.1" 200 668
[07/Jun/2017 16:26:43] "GET /static/user/js/charts.js HTTP/1.1" 200 2864
[07/Jun/2017 16:26:44] "GET /static/dist/js/bootstrap-select.js HTTP/1.1" 200 59424
[07/Jun/2017 16:26:44] "GET /static/highcharts/highcharts.js HTTP/1.1" 200 106496
Traceback (most recent call last):
  File "/usr/local/python3.4/lib/python3.4/wsgiref/handlers.py", line 138, in run
    self.finish_response()
  File "/usr/local/python3.4/lib/python3.4/wsgiref/handlers.py", line 180, in finish_response
    self.write(data)
  File "/usr/local/python3.4/lib/python3.4/wsgiref/handlers.py", line 279, in write
    self._write(data)
  File "/usr/local/python3.4/lib/python3.4/wsgiref/handlers.py", line 453, in _write
    self.stdout.write(data)
  File "/usr/local/python3.4/lib/python3.4/socket.py", line 391, in write
    return self._sock.send(b)
ConnectionResetError: [Errno 104] Connection reset by peer
[07/Jun/2017 16:26:44] "GET /static/highcharts/highcharts.js HTTP/1.1" 500 59
Traceback (most recent call last):
  File "/usr/local/python3.4/lib/python3.4/wsgiref/handlers.py", line 138, in run
    self.finish_response()
  File "/usr/local/python3.4/lib/python3.4/wsgiref/handlers.py", line 180, in finish_response
    self.write(data)
  File "/usr/local/python3.4/lib/python3.4/wsgiref/handlers.py", line 279, in write
    self._write(data)
  File "/usr/local/python3.4/lib/python3.4/wsgiref/handlers.py", line 453, in _write
    self.stdout.write(data)
  File "/usr/local/python3.4/lib/python3.4/socket.py", line 391, in write
    return self._sock.send(b)
ConnectionResetError: [Errno 104] Connection reset by peer

During handling of the above exception, another exception occurred:

Traceback (most recent call last):
  File "/usr/local/python3.4/lib/python3.4/wsgiref/handlers.py", line 141, in run
    self.handle_error()
  File "/usr/local/python3.4/lib/python3.4/site-packages/django/core/servers/basehttp.py", line 95, in handle_error
    super(ServerHandler, self).handle_error()
  File "/usr/local/python3.4/lib/python3.4/wsgiref/handlers.py", line 368, in handle_error
    self.finish_response()
  File "/usr/local/python3.4/lib/python3.4/wsgiref/handlers.py", line 180, in finish_response
    self.write(data)
  File "/usr/local/python3.4/lib/python3.4/wsgiref/handlers.py", line 274, in write
    self.send_headers()
  File "/usr/local/python3.4/lib/python3.4/wsgiref/handlers.py", line 331, in send_headers
    if not self.origin_server or self.client_is_modern():
  File "/usr/local/python3.4/lib/python3.4/wsgiref/handlers.py", line 344, in client_is_modern
    return self.environ['SERVER_PROTOCOL'].upper() != 'HTTP/0.9'
TypeError: 'NoneType' object is not subscriptable

During handling of the above exception, another exception occurred:

Traceback (most recent call last):
  File "/usr/local/python3.4/lib/python3.4/socketserver.py", line 609, in process_request_thread
    self.finish_request(request, client_address)
  File "/usr/local/python3.4/lib/python3.4/socketserver.py", line 344, in finish_request
    self.RequestHandlerClass(request, client_address, self)
  File "/usr/local/python3.4/lib/python3.4/site-packages/django/core/servers/basehttp.py", line 102, in __init__
    super(WSGIRequestHandler, self).__init__(*args, **kwargs)
  File "/usr/local/python3.4/lib/python3.4/socketserver.py", line 665, in __init__
    self.handle()
  File "/usr/local/python3.4/lib/python3.4/site-packages/django/core/servers/basehttp.py", line 182, in handle
    handler.run(self.server.get_app())
  File "/usr/local/python3.4/lib/python3.4/wsgiref/handlers.py", line 144, in run
    self.close()
  File "/usr/local/python3.4/lib/python3.4/wsgiref/simple_server.py", line 35, in close
    self.status.split(' ',1)[0], self.bytes_sent
AttributeError: 'NoneType' object has no attribute 'split'
[07/Jun/2017 16:26:44] "GET /submitsql/ HTTP/1.1" 200 9507
[07/Jun/2017 16:26:46] "GET /static/dist/js/bootstrap-select.js HTTP/1.1" 200 57344
Traceback (most recent call last):
  File "/usr/local/python3.4/lib/python3.4/wsgiref/handlers.py", line 138, in run
    self.finish_response()
  File "/usr/local/python3.4/lib/python3.4/wsgiref/handlers.py", line 180, in finish_response
    self.write(data)
  File "/usr/local/python3.4/lib/python3.4/wsgiref/handlers.py", line 279, in write
    self._write(data)
  File "/usr/local/python3.4/lib/python3.4/wsgiref/handlers.py", line 453, in _write
    self.stdout.write(data)
  File "/usr/local/python3.4/lib/python3.4/socket.py", line 391, in write
    return self._sock.send(b)
ConnectionResetError: [Errno 104] Connection reset by peer
[07/Jun/2017 16:26:46] "GET /static/dist/js/bootstrap-select.js HTTP/1.1" 500 59
Traceback (most recent call last):
  File "/usr/local/python3.4/lib/python3.4/wsgiref/handlers.py", line 138, in run
    self.finish_response()
  File "/usr/local/python3.4/lib/python3.4/wsgiref/handlers.py", line 180, in finish_response
    self.write(data)
  File "/usr/local/python3.4/lib/python3.4/wsgiref/handlers.py", line 279, in write
    self._write(data)
  File "/usr/local/python3.4/lib/python3.4/wsgiref/handlers.py", line 453, in _write
    self.stdout.write(data)
  File "/usr/local/python3.4/lib/python3.4/socket.py", line 391, in write
    return self._sock.send(b)
ConnectionResetError: [Errno 104] Connection reset by peer

During handling of the above exception, another exception occurred:

Traceback (most recent call last):
  File "/usr/local/python3.4/lib/python3.4/wsgiref/handlers.py", line 141, in run
    self.handle_error()
  File "/usr/local/python3.4/lib/python3.4/site-packages/django/core/servers/basehttp.py", line 95, in handle_error
    super(ServerHandler, self).handle_error()
  File "/usr/local/python3.4/lib/python3.4/wsgiref/handlers.py", line 368, in handle_error
    self.finish_response()
  File "/usr/local/python3.4/lib/python3.4/wsgiref/handlers.py", line 180, in finish_response
    self.write(data)
  File "/usr/local/python3.4/lib/python3.4/wsgiref/handlers.py", line 274, in write
    self.send_headers()
  File "/usr/local/python3.4/lib/python3.4/wsgiref/handlers.py", line 331, in send_headers
    if not self.origin_server or self.client_is_modern():
  File "/usr/local/python3.4/lib/python3.4/wsgiref/handlers.py", line 344, in client_is_modern
    return self.environ['SERVER_PROTOCOL'].upper() != 'HTTP/0.9'
TypeError: 'NoneType' object is not subscriptable

During handling of the above exception, another exception occurred:

Traceback (most recent call last):
  File "/usr/local/python3.4/lib/python3.4/socketserver.py", line 609, in process_request_thread
    self.finish_request(request, client_address)
  File "/usr/local/python3.4/lib/python3.4/socketserver.py", line 344, in finish_request
    self.RequestHandlerClass(request, client_address, self)
  File "/usr/local/python3.4/lib/python3.4/site-packages/django/core/servers/basehttp.py", line 102, in __init__
    super(WSGIRequestHandler, self).__init__(*args, **kwargs)
  File "/usr/local/python3.4/lib/python3.4/socketserver.py", line 665, in __init__
    self.handle()
  File "/usr/local/python3.4/lib/python3.4/site-packages/django/core/servers/basehttp.py", line 182, in handle
    handler.run(self.server.get_app())
  File "/usr/local/python3.4/lib/python3.4/wsgiref/handlers.py", line 144, in run
    self.close()
  File "/usr/local/python3.4/lib/python3.4/wsgiref/simple_server.py", line 35, in close
    self.status.split(' ',1)[0], self.bytes_sent
AttributeError: 'NoneType' object has no attribute 'split'
[07/Jun/2017 16:26:46] "GET /static/highcharts/highcharts.js HTTP/1.1" 200 57344
Traceback (most recent call last):
  File "/usr/local/python3.4/lib/python3.4/wsgiref/handlers.py", line 138, in run
    self.finish_response()
  File "/usr/local/python3.4/lib/python3.4/wsgiref/handlers.py", line 180, in finish_response
    self.write(data)
  File "/usr/local/python3.4/lib/python3.4/wsgiref/handlers.py", line 279, in write
    self._write(data)
  File "/usr/local/python3.4/lib/python3.4/wsgiref/handlers.py", line 453, in _write
    self.stdout.write(data)
  File "/usr/local/python3.4/lib/python3.4/socket.py", line 391, in write
    return self._sock.send(b)
ConnectionResetError: [Errno 104] Connection reset by peer
[07/Jun/2017 16:26:46] "GET /static/highcharts/highcharts.js HTTP/1.1" 500 59
Traceback (most recent call last):
  File "/usr/local/python3.4/lib/python3.4/wsgiref/handlers.py", line 138, in run
    self.finish_response()
  File "/usr/local/python3.4/lib/python3.4/wsgiref/handlers.py", line 180, in finish_response
    self.write(data)
  File "/usr/local/python3.4/lib/python3.4/wsgiref/handlers.py", line 279, in write
    self._write(data)
  File "/usr/local/python3.4/lib/python3.4/wsgiref/handlers.py", line 453, in _write
    self.stdout.write(data)
  File "/usr/local/python3.4/lib/python3.4/socket.py", line 391, in write
    return self._sock.send(b)
ConnectionResetError: [Errno 104] Connection reset by peer

During handling of the above exception, another exception occurred:

Traceback (most recent call last):
  File "/usr/local/python3.4/lib/python3.4/wsgiref/handlers.py", line 141, in run
    self.handle_error()
  File "/usr/local/python3.4/lib/python3.4/site-packages/django/core/servers/basehttp.py", line 95, in handle_error
    super(ServerHandler, self).handle_error()
  File "/usr/local/python3.4/lib/python3.4/wsgiref/handlers.py", line 368, in handle_error
    self.finish_response()
  File "/usr/local/python3.4/lib/python3.4/wsgiref/handlers.py", line 180, in finish_response
    self.write(data)
  File "/usr/local/python3.4/lib/python3.4/wsgiref/handlers.py", line 274, in write
    self.send_headers()
  File "/usr/local/python3.4/lib/python3.4/wsgiref/handlers.py", line 331, in send_headers
    if not self.origin_server or self.client_is_modern():
  File "/usr/local/python3.4/lib/python3.4/wsgiref/handlers.py", line 344, in client_is_modern
    return self.environ['SERVER_PROTOCOL'].upper() != 'HTTP/0.9'
TypeError: 'NoneType' object is not subscriptable

During handling of the above exception, another exception occurred:

Traceback (most recent call last):
  File "/usr/local/python3.4/lib/python3.4/socketserver.py", line 609, in process_request_thread
    self.finish_request(request, client_address)
  File "/usr/local/python3.4/lib/python3.4/socketserver.py", line 344, in finish_request
    self.RequestHandlerClass(request, client_address, self)
  File "/usr/local/python3.4/lib/python3.4/site-packages/django/core/servers/basehttp.py", line 102, in __init__
    super(WSGIRequestHandler, self).__init__(*args, **kwargs)
  File "/usr/local/python3.4/lib/python3.4/socketserver.py", line 665, in __init__
    self.handle()
  File "/usr/local/python3.4/lib/python3.4/site-packages/django/core/servers/basehttp.py", line 182, in handle
    handler.run(self.server.get_app())
  File "/usr/local/python3.4/lib/python3.4/wsgiref/handlers.py", line 144, in run
    self.close()
  File "/usr/local/python3.4/lib/python3.4/wsgiref/simple_server.py", line 35, in close
    self.status.split(' ',1)[0], self.bytes_sent
AttributeError: 'NoneType' object has no attribute 'split'
[07/Jun/2017 16:26:46] "GET /allworkflow/ HTTP/1.1" 200 7231
[07/Jun/2017 16:26:47] "GET /static/dist/js/bootstrap-select.js HTTP/1.1" 200 59424
[07/Jun/2017 16:26:50] "GET /static/highcharts/highcharts.js HTTP/1.1" 200 197388
[07/Jun/2017 16:26:54] "GET /submitsql/ HTTP/1.1" 200 9507
[07/Jun/2017 16:27:13] "GET /admin/sql/master_config/ HTTP/1.1" 302 0
[07/Jun/2017 16:27:13] "GET /admin/login/?next=/admin/sql/master_config/ HTTP/1.1" 200 1955
[07/Jun/2017 16:27:13] "GET /static/admin/css/login.css HTTP/1.1" 200 940
[07/Jun/2017 16:27:13] "GET /static/admin/css/base.css HTTP/1.1" 200 14049
[07/Jun/2017 16:27:15] "GET /static/admin/css/ie.css HTTP/1.1" 200 1065
[07/Jun/2017 16:27:16] "GET /submitsql/ HTTP/1.1" 302 0
[07/Jun/2017 16:27:22] "GET /allworkflow/ HTTP/1.1" 302 0
[07/Jun/2017 16:27:27] "GET /charts/ HTTP/1.1" 200 5839
[07/Jun/2017 16:27:30] "GET /charts/ HTTP/1.1" 200 5839
[07/Jun/2017 16:27:31] "GET /getMonthCharts/?_=1496825404195 HTTP/1.1" 200 14
[07/Jun/2017 16:27:31] "GET /getPersonCharts/?_=1496825404196 HTTP/1.1" 200 13
[07/Jun/2017 16:27:48] "GET /allworkflow/ HTTP/1.1" 302 0
[07/Jun/2017 16:27:48] "GET /login/ HTTP/1.1" 200 2950
[07/Jun/2017 16:27:48] "GET /static/user/css/user1.css HTTP/1.1" 200 692
[07/Jun/2017 16:27:48] "GET /static/user/js/login.js HTTP/1.1" 200 957
[07/Jun/2017 16:27:48] "GET /static/bootstrap-3.3.7-dist/js/bootstrap.min.js HTTP/1.1" 200 37045
[07/Jun/2017 16:27:48] "GET /static/bootstrap-3.3.7-dist/css/bootstrap.min.css HTTP/1.1" 200 121200
[07/Jun/2017 16:27:48] "GET /static/jquery/jquery.min.js HTTP/1.1" 200 93100
[07/Jun/2017 16:28:01] "GET /charts/ HTTP/1.1" 302 0
[07/Jun/2017 16:28:06] "GET /dbaprinciples/ HTTP/1.1" 302 0
[07/Jun/2017 16:28:16] "GET /submitsql/ HTTP/1.1" 302 0
[07/Jun/2017 16:28:16] "GET /login/ HTTP/1.1" 200 2950
[07/Jun/2017 16:28:16] "GET /static/user/js/login.js HTTP/1.1" 200 957
[07/Jun/2017 16:28:16] "GET /static/user/css/user1.css HTTP/1.1" 200 692
[07/Jun/2017 16:28:16] "GET /static/bootstrap-3.3.7-dist/js/bootstrap.min.js HTTP/1.1" 200 37045
[07/Jun/2017 16:28:16] "GET /static/bootstrap-3.3.7-dist/css/bootstrap.min.css HTTP/1.1" 200 121200
[07/Jun/2017 16:28:16] "GET /static/jquery/jquery.min.js HTTP/1.1" 200 93100
Traceback (most recent call last):
  File "/usr/local/python3.4/lib/python3.4/socketserver.py", line 609, in process_request_thread
    self.finish_request(request, client_address)
  File "/usr/local/python3.4/lib/python3.4/socketserver.py", line 344, in finish_request
    self.RequestHandlerClass(request, client_address, self)
  File "/usr/local/python3.4/lib/python3.4/site-packages/django/core/servers/basehttp.py", line 102, in __init__
    super(WSGIRequestHandler, self).__init__(*args, **kwargs)
  File "/usr/local/python3.4/lib/python3.4/socketserver.py", line 665, in __init__
    self.handle()
  File "/usr/local/python3.4/lib/python3.4/site-packages/django/core/servers/basehttp.py", line 167, in handle
    self.raw_requestline = self.rfile.readline(65537)
  File "/usr/local/python3.4/lib/python3.4/socket.py", line 371, in readinto
    return self._sock.recv_into(b)
ConnectionResetError: [Errno 104] Connection reset by peer
[07/Jun/2017 16:28:24] "GET /charts/ HTTP/1.1" 200 5839
[07/Jun/2017 16:28:24] "GET /static/bootstrap-3.3.7-dist/css/bootstrap.min.css HTTP/1.1" 304 0
[07/Jun/2017 16:28:24] "GET /static/user/css/user1.css HTTP/1.1" 304 0
[07/Jun/2017 16:28:24] "GET /static/jquery/jquery.min.js HTTP/1.1" 304 0
[07/Jun/2017 16:28:24] "GET /static/dist/css/bootstrap-select.css HTTP/1.1" 304 0
[07/Jun/2017 16:28:24] "GET /static/bootstrap-3.3.7-dist/js/bootstrap.min.js HTTP/1.1" 304 0
[07/Jun/2017 16:28:24] "GET /static/highcharts/highcharts.js HTTP/1.1" 304 0
[07/Jun/2017 16:28:24] "GET /static/dist/js/bootstrap-select.js HTTP/1.1" 304 0
[07/Jun/2017 16:28:24] "GET /static/user/js/submitsql.js HTTP/1.1" 304 0
[07/Jun/2017 16:28:24] "GET /static/user/js/autoreview.js HTTP/1.1" 304 0
[07/Jun/2017 16:28:25] "GET /static/user/js/charts.js HTTP/1.1" 304 0
[07/Jun/2017 16:28:25] "GET /getMonthCharts/?_=1496825460531 HTTP/1.1" 200 14
[07/Jun/2017 16:28:25] "GET /getPersonCharts/?_=1496825460532 HTTP/1.1" 200 13
[07/Jun/2017 16:28:32] "GET /charts/ HTTP/1.1" 302 0
[07/Jun/2017 16:28:32] "GET /login/ HTTP/1.1" 200 2950
[07/Jun/2017 16:28:32] "GET /static/user/js/login.js HTTP/1.1" 200 957
[07/Jun/2017 16:28:32] "GET /static/user/css/user1.css HTTP/1.1" 200 692
[07/Jun/2017 16:28:32] "GET /static/bootstrap-3.3.7-dist/js/bootstrap.min.js HTTP/1.1" 200 37045
[07/Jun/2017 16:28:32] "GET /static/bootstrap-3.3.7-dist/css/bootstrap.min.css HTTP/1.1" 200 121200
[07/Jun/2017 16:28:32] "GET /static/jquery/jquery.min.js HTTP/1.1" 200 93100
[07/Jun/2017 16:29:06] "GET /dbaprinciples/ HTTP/1.1" 302 0
[07/Jun/2017 16:29:06] "GET /login/ HTTP/1.1" 200 2950
Traceback (most recent call last):
  File "/usr/local/python3.4/lib/python3.4/socketserver.py", line 609, in process_request_thread
    self.finish_request(request, client_address)
  File "/usr/local/python3.4/lib/python3.4/socketserver.py", line 344, in finish_request
    self.RequestHandlerClass(request, client_address, self)
  File "/usr/local/python3.4/lib/python3.4/site-packages/django/core/servers/basehttp.py", line 102, in __init__
    super(WSGIRequestHandler, self).__init__(*args, **kwargs)
  File "/usr/local/python3.4/lib/python3.4/socketserver.py", line 665, in __init__
    self.handle()
  File "/usr/local/python3.4/lib/python3.4/site-packages/django/core/servers/basehttp.py", line 167, in handle
    self.raw_requestline = self.rfile.readline(65537)
  File "/usr/local/python3.4/lib/python3.4/socket.py", line 371, in readinto
    return self._sock.recv_into(b)
ConnectionResetError: [Errno 104] Connection reset by peer
[07/Jun/2017 16:36:42] "GET /allworkflow/ HTTP/1.1" 200 7231
[07/Jun/2017 16:36:42] "GET /static/dist/css/bootstrap-select.css HTTP/1.1" 304 0
[07/Jun/2017 16:36:42] "GET /static/user/css/user1.css HTTP/1.1" 304 0
[07/Jun/2017 16:36:42] "GET /static/bootstrap-3.3.7-dist/css/bootstrap.min.css HTTP/1.1" 304 0
[07/Jun/2017 16:36:42] "GET /static/jquery/jquery.min.js HTTP/1.1" 304 0
[07/Jun/2017 16:36:42] "GET /static/bootstrap-3.3.7-dist/js/bootstrap.min.js HTTP/1.1" 304 0
[07/Jun/2017 16:36:42] "GET /static/dist/js/bootstrap-select.js HTTP/1.1" 304 0
[07/Jun/2017 16:36:42] "GET /static/user/js/submitsql.js HTTP/1.1" 304 0
[07/Jun/2017 16:36:42] "GET /static/user/js/autoreview.js HTTP/1.1" 304 0
[07/Jun/2017 16:36:42] "GET /static/highcharts/highcharts.js HTTP/1.1" 304 0
[07/Jun/2017 16:36:42] "GET /static/user/js/charts.js HTTP/1.1" 304 0
[07/Jun/2017 16:36:43] "GET /submitsql/ HTTP/1.1" 200 9507
[07/Jun/2017 16:36:44] "GET /static/user/css/user1.css HTTP/1.1" 304 0
[07/Jun/2017 16:36:44] "GET /static/dist/css/bootstrap-select.css HTTP/1.1" 304 0
[07/Jun/2017 16:36:44] "GET /static/bootstrap-3.3.7-dist/css/bootstrap.min.css HTTP/1.1" 304 0
[07/Jun/2017 16:36:44] "GET /static/bootstrap-3.3.7-dist/js/bootstrap.min.js HTTP/1.1" 304 0
[07/Jun/2017 16:36:44] "GET /static/jquery/jquery.min.js HTTP/1.1" 304 0
[07/Jun/2017 16:36:44] "GET /static/highcharts/highcharts.js HTTP/1.1" 304 0
[07/Jun/2017 16:36:44] "GET /static/dist/js/bootstrap-select.js HTTP/1.1" 304 0
[07/Jun/2017 16:36:44] "GET /static/user/js/autoreview.js HTTP/1.1" 304 0
[07/Jun/2017 16:36:44] "GET /static/user/js/submitsql.js HTTP/1.1" 304 0
[07/Jun/2017 16:36:44] "GET /static/user/js/charts.js HTTP/1.1" 304 0
[07/Jun/2017 16:36:45] "GET /allworkflow/ HTTP/1.1" 200 7231
[07/Jun/2017 16:36:45] "GET /static/bootstrap-3.3.7-dist/css/bootstrap.min.css HTTP/1.1" 304 0
[07/Jun/2017 16:36:45] "GET /static/user/css/user1.css HTTP/1.1" 304 0
[07/Jun/2017 16:36:45] "GET /static/jquery/jquery.min.js HTTP/1.1" 304 0
[07/Jun/2017 16:36:45] "GET /static/dist/css/bootstrap-select.css HTTP/1.1" 304 0
[07/Jun/2017 16:36:45] "GET /static/bootstrap-3.3.7-dist/js/bootstrap.min.js HTTP/1.1" 304 0
[07/Jun/2017 16:36:45] "GET /static/highcharts/highcharts.js HTTP/1.1" 304 0
[07/Jun/2017 16:36:45] "GET /static/dist/js/bootstrap-select.js HTTP/1.1" 304 0
[07/Jun/2017 16:36:45] "GET /static/user/js/autoreview.js HTTP/1.1" 304 0
[07/Jun/2017 16:36:45] "GET /static/user/js/submitsql.js HTTP/1.1" 304 0
[07/Jun/2017 16:36:45] "GET /static/user/js/charts.js HTTP/1.1" 304 0
[07/Jun/2017 16:36:46] "GET /submitsql/ HTTP/1.1" 200 9507
[07/Jun/2017 16:36:46] "GET /static/bootstrap-3.3.7-dist/css/bootstrap.min.css HTTP/1.1" 304 0
[07/Jun/2017 16:36:46] "GET /static/user/css/user1.css HTTP/1.1" 304 0
[07/Jun/2017 16:36:46] "GET /static/dist/css/bootstrap-select.css HTTP/1.1" 304 0
[07/Jun/2017 16:36:46] "GET /static/bootstrap-3.3.7-dist/js/bootstrap.min.js HTTP/1.1" 304 0
[07/Jun/2017 16:36:46] "GET /static/highcharts/highcharts.js HTTP/1.1" 304 0
[07/Jun/2017 16:36:46] "GET /static/jquery/jquery.min.js HTTP/1.1" 304 0
[07/Jun/2017 16:36:46] "GET /static/dist/js/bootstrap-select.js HTTP/1.1" 304 0
[07/Jun/2017 16:36:46] "GET /static/user/js/autoreview.js HTTP/1.1" 304 0
[07/Jun/2017 16:36:46] "GET /static/user/js/submitsql.js HTTP/1.1" 304 0
[07/Jun/2017 16:36:46] "GET /static/user/js/charts.js HTTP/1.1" 304 0
[07/Jun/2017 16:36:46] "GET /allworkflow/ HTTP/1.1" 200 7231
[07/Jun/2017 16:36:46] "GET /static/bootstrap-3.3.7-dist/css/bootstrap.min.css HTTP/1.1" 304 0
[07/Jun/2017 16:36:46] "GET /static/user/css/user1.css HTTP/1.1" 304 0
[07/Jun/2017 16:36:46] "GET /static/jquery/jquery.min.js HTTP/1.1" 304 0
[07/Jun/2017 16:36:46] "GET /static/dist/css/bootstrap-select.css HTTP/1.1" 304 0
[07/Jun/2017 16:36:46] "GET /static/bootstrap-3.3.7-dist/js/bootstrap.min.js HTTP/1.1" 304 0
[07/Jun/2017 16:36:46] "GET /static/highcharts/highcharts.js HTTP/1.1" 304 0
[07/Jun/2017 16:36:46] "GET /static/dist/js/bootstrap-select.js HTTP/1.1" 304 0
[07/Jun/2017 16:36:46] "GET /static/user/js/autoreview.js HTTP/1.1" 304 0
[07/Jun/2017 16:36:46] "GET /static/user/js/submitsql.js HTTP/1.1" 304 0
[07/Jun/2017 16:36:46] "GET /static/user/js/charts.js HTTP/1.1" 304 0
[07/Jun/2017 16:36:48] "GET /submitsql/ HTTP/1.1" 200 9507
[07/Jun/2017 16:36:48] "GET /static/bootstrap-3.3.7-dist/css/bootstrap.min.css HTTP/1.1" 304 0
[07/Jun/2017 16:36:48] "GET /static/user/css/user1.css HTTP/1.1" 304 0
[07/Jun/2017 16:36:48] "GET /static/dist/css/bootstrap-select.css HTTP/1.1" 304 0
[07/Jun/2017 16:36:48] "GET /static/bootstrap-3.3.7-dist/js/bootstrap.min.js HTTP/1.1" 304 0
[07/Jun/2017 16:36:48] "GET /static/highcharts/highcharts.js HTTP/1.1" 304 0
[07/Jun/2017 16:36:48] "GET /static/dist/js/bootstrap-select.js HTTP/1.1" 304 0
[07/Jun/2017 16:36:48] "GET /static/jquery/jquery.min.js HTTP/1.1" 304 0
[07/Jun/2017 16:36:48] "GET /static/user/js/autoreview.js HTTP/1.1" 304 0
[07/Jun/2017 16:36:48] "GET /static/user/js/submitsql.js HTTP/1.1" 304 0
[07/Jun/2017 16:36:48] "GET /static/user/js/charts.js HTTP/1.1" 304 0
[07/Jun/2017 16:36:57] "GET /admin/sql/master_config/ HTTP/1.1" 200 6913
[07/Jun/2017 16:36:58] "GET /static/admin/css/base.css HTTP/1.1" 304 0
[07/Jun/2017 16:36:58] "GET /static/admin/css/changelists.css HTTP/1.1" 304 0
[07/Jun/2017 16:36:58] "GET /static/admin/js/core.js HTTP/1.1" 304 0
[07/Jun/2017 16:36:58] "GET /static/admin/js/jquery.js HTTP/1.1" 304 0
[07/Jun/2017 16:36:58] "GET /static/admin/js/jquery.init.js HTTP/1.1" 304 0
[07/Jun/2017 16:36:58] "GET /static/admin/js/actions.js HTTP/1.1" 304 0
[07/Jun/2017 16:36:58] "GET /static/admin/js/admin/RelatedObjectLookups.js HTTP/1.1" 304 0
[07/Jun/2017 16:36:58] "GET /admin/jsi18n/ HTTP/1.1" 200 2344
[07/Jun/2017 16:36:58] "GET /static/admin/img/icon_searchbox.png HTTP/1.1" 304 0
[07/Jun/2017 16:36:58] "GET /static/admin/img/nav-bg-reverse.gif HTTP/1.1" 304 0
[07/Jun/2017 16:36:58] "GET /static/admin/img/tooltag-add.png HTTP/1.1" 304 0
[07/Jun/2017 16:36:58] "GET /static/admin/img/nav-bg.gif HTTP/1.1" 304 0
Traceback (most recent call last):
  File "/usr/local/python3.4/lib/python3.4/socketserver.py", line 609, in process_request_thread
    self.finish_request(request, client_address)
  File "/usr/local/python3.4/lib/python3.4/socketserver.py", line 344, in finish_request
    self.RequestHandlerClass(request, client_address, self)
  File "/usr/local/python3.4/lib/python3.4/site-packages/django/core/servers/basehttp.py", line 102, in __init__
    super(WSGIRequestHandler, self).__init__(*args, **kwargs)
  File "/usr/local/python3.4/lib/python3.4/socketserver.py", line 665, in __init__
    self.handle()
  File "/usr/local/python3.4/lib/python3.4/site-packages/django/core/servers/basehttp.py", line 167, in handle
    self.raw_requestline = self.rfile.readline(65537)
  File "/usr/local/python3.4/lib/python3.4/socket.py", line 371, in readinto
    return self._sock.recv_into(b)
ConnectionResetError: [Errno 104] Connection reset by peer
[07/Jun/2017 17:09:22] "GET /charts/ HTTP/1.1" 200 5839
[07/Jun/2017 17:09:22] "GET /static/user/css/user1.css HTTP/1.1" 304 0
[07/Jun/2017 17:09:22] "GET /static/bootstrap-3.3.7-dist/css/bootstrap.min.css HTTP/1.1" 304 0
[07/Jun/2017 17:09:22] "GET /static/dist/css/bootstrap-select.css HTTP/1.1" 304 0
[07/Jun/2017 17:09:22] "GET /static/bootstrap-3.3.7-dist/js/bootstrap.min.js HTTP/1.1" 304 0
[07/Jun/2017 17:09:22] "GET /static/jquery/jquery.min.js HTTP/1.1" 304 0
[07/Jun/2017 17:09:22] "GET /static/highcharts/highcharts.js HTTP/1.1" 304 0
[07/Jun/2017 17:09:22] "GET /static/dist/js/bootstrap-select.js HTTP/1.1" 304 0
[07/Jun/2017 17:09:22] "GET /static/user/js/autoreview.js HTTP/1.1" 304 0
[07/Jun/2017 17:09:22] "GET /static/user/js/submitsql.js HTTP/1.1" 304 0
[07/Jun/2017 17:09:22] "GET /static/user/js/charts.js HTTP/1.1" 304 0
[07/Jun/2017 17:09:23] "GET /getMonthCharts/?_=1496827918485 HTTP/1.1" 200 14
[07/Jun/2017 17:09:23] "GET /getPersonCharts/?_=1496827918486 HTTP/1.1" 200 13
Traceback (most recent call last):
  File "/usr/local/python3.4/lib/python3.4/socketserver.py", line 609, in process_request_thread
    self.finish_request(request, client_address)
  File "/usr/local/python3.4/lib/python3.4/socketserver.py", line 344, in finish_request
    self.RequestHandlerClass(request, client_address, self)
  File "/usr/local/python3.4/lib/python3.4/site-packages/django/core/servers/basehttp.py", line 102, in __init__
    super(WSGIRequestHandler, self).__init__(*args, **kwargs)
  File "/usr/local/python3.4/lib/python3.4/socketserver.py", line 665, in __init__
    self.handle()
  File "/usr/local/python3.4/lib/python3.4/site-packages/django/core/servers/basehttp.py", line 167, in handle
    self.raw_requestline = self.rfile.readline(65537)
  File "/usr/local/python3.4/lib/python3.4/socket.py", line 371, in readinto
    return self._sock.recv_into(b)
ConnectionResetError: [Errno 104] Connection reset by peer
[07/Jun/2017 17:11:17] "GET /charts/ HTTP/1.1" 200 5839
[07/Jun/2017 17:11:18] "GET /static/user/css/user1.css HTTP/1.1" 304 0
[07/Jun/2017 17:11:18] "GET /static/bootstrap-3.3.7-dist/css/bootstrap.min.css HTTP/1.1" 304 0
[07/Jun/2017 17:11:18] "GET /static/dist/css/bootstrap-select.css HTTP/1.1" 304 0
[07/Jun/2017 17:11:18] "GET /static/jquery/jquery.min.js HTTP/1.1" 304 0
[07/Jun/2017 17:11:18] "GET /static/bootstrap-3.3.7-dist/js/bootstrap.min.js HTTP/1.1" 304 0
[07/Jun/2017 17:11:18] "GET /static/highcharts/highcharts.js HTTP/1.1" 304 0
[07/Jun/2017 17:11:18] "GET /static/user/js/autoreview.js HTTP/1.1" 304 0
[07/Jun/2017 17:11:18] "GET /static/dist/js/bootstrap-select.js HTTP/1.1" 304 0
[07/Jun/2017 17:11:18] "GET /static/user/js/submitsql.js HTTP/1.1" 304 0
[07/Jun/2017 17:11:18] "GET /static/user/js/charts.js HTTP/1.1" 304 0
[07/Jun/2017 17:11:18] "GET /getMonthCharts/?_=1496828033641 HTTP/1.1" 200 14
[07/Jun/2017 17:11:18] "GET /getPersonCharts/?_=1496828033642 HTTP/1.1" 200 13
----------------------------------------
Exception happened during processing of request from ('192.168.10.254', 22901)
----------------------------------------
----------------------------------------
Exception happened during processing of request from ('192.168.10.254', 21712)
----------------------------------------
----------------------------------------
Exception happened during processing of request from ('192.168.10.254', 51652)
----------------------------------------
----------------------------------------
Exception happened during processing of request from ('192.168.10.254', 51659)
----------------------------------------
----------------------------------------
Exception happened during processing of request from ('192.168.10.254', 51658)
----------------------------------------
----------------------------------------
Exception happened during processing of request from ('192.168.10.254', 9548)
----------------------------------------
----------------------------------------
Exception happened during processing of request from ('192.168.10.254', 9928)
----------------------------------------
----------------------------------------
Exception happened during processing of request from ('192.168.10.254', 21680)
----------------------------------------
----------------------------------------
Exception happened during processing of request from ('192.168.10.254', 11455)
----------------------------------------
[07/Jun/2017 17:14:16] "GET /getMonthCharts/?_=1496828211573 HTTP/1.1" 200 14
[07/Jun/2017 17:14:16] "GET /getPersonCharts/?_=1496828211574 HTTP/1.1" 200 13
[07/Jun/2017 17:15:12] "GET /getMonthCharts/?_=1496828267422 HTTP/1.1" 200 14
[07/Jun/2017 17:15:12] "GET /getPersonCharts/?_=1496828267423 HTTP/1.1" 200 13
Traceback (most recent call last):
  File "/usr/local/python3.4/lib/python3.4/socketserver.py", line 609, in process_request_thread
    self.finish_request(request, client_address)
  File "/usr/local/python3.4/lib/python3.4/socketserver.py", line 344, in finish_request
    self.RequestHandlerClass(request, client_address, self)
  File "/usr/local/python3.4/lib/python3.4/site-packages/django/core/servers/basehttp.py", line 102, in __init__
    super(WSGIRequestHandler, self).__init__(*args, **kwargs)
  File "/usr/local/python3.4/lib/python3.4/socketserver.py", line 665, in __init__
    self.handle()
  File "/usr/local/python3.4/lib/python3.4/site-packages/django/core/servers/basehttp.py", line 167, in handle
    self.raw_requestline = self.rfile.readline(65537)
  File "/usr/local/python3.4/lib/python3.4/socket.py", line 371, in readinto
    return self._sock.recv_into(b)
ConnectionResetError: [Errno 104] Connection reset by peer
[07/Jun/2017 17:16:03] "GET /admin/sql/workflow/ HTTP/1.1" 200 8499
[07/Jun/2017 17:16:03] "GET /static/admin/css/base.css HTTP/1.1" 304 0
[07/Jun/2017 17:16:03] "GET /static/admin/css/changelists.css HTTP/1.1" 304 0
[07/Jun/2017 17:16:03] "GET /static/admin/js/core.js HTTP/1.1" 304 0
[07/Jun/2017 17:16:04] "GET /static/admin/js/jquery.init.js HTTP/1.1" 304 0
[07/Jun/2017 17:16:04] "GET /static/admin/js/jquery.js HTTP/1.1" 304 0
[07/Jun/2017 17:16:04] "GET /admin/jsi18n/ HTTP/1.1" 200 2344
[07/Jun/2017 17:16:04] "GET /static/admin/js/actions.js HTTP/1.1" 304 0
[07/Jun/2017 17:16:04] "GET /static/admin/js/admin/RelatedObjectLookups.js HTTP/1.1" 304 0
[07/Jun/2017 17:16:04] "GET /static/admin/img/icon_searchbox.png HTTP/1.1" 304 0
[07/Jun/2017 17:16:04] "GET /static/admin/img/tooltag-add.png HTTP/1.1" 304 0
[07/Jun/2017 17:16:04] "GET /static/admin/img/nav-bg-reverse.gif HTTP/1.1" 304 0
[07/Jun/2017 17:16:04] "GET /static/admin/img/nav-bg.gif HTTP/1.1" 304 0
[07/Jun/2017 17:16:07] "GET /charts/ HTTP/1.1" 200 5839
[07/Jun/2017 17:16:07] "GET /static/bootstrap-3.3.7-dist/css/bootstrap.min.css HTTP/1.1" 304 0
[07/Jun/2017 17:16:07] "GET /static/highcharts/highcharts.js HTTP/1.1" 304 0
[07/Jun/2017 17:16:07] "GET /static/user/css/user1.css HTTP/1.1" 304 0
[07/Jun/2017 17:16:07] "GET /static/dist/js/bootstrap-select.js HTTP/1.1" 304 0
[07/Jun/2017 17:16:07] "GET /static/dist/css/bootstrap-select.css HTTP/1.1" 304 0
[07/Jun/2017 17:16:07] "GET /static/jquery/jquery.min.js HTTP/1.1" 304 0
[07/Jun/2017 17:16:07] "GET /static/bootstrap-3.3.7-dist/js/bootstrap.min.js HTTP/1.1" 304 0
[07/Jun/2017 17:16:07] "GET /static/user/js/autoreview.js HTTP/1.1" 304 0
[07/Jun/2017 17:16:07] "GET /static/user/js/submitsql.js HTTP/1.1" 304 0
[07/Jun/2017 17:16:07] "GET /static/user/js/charts.js HTTP/1.1" 304 0
[07/Jun/2017 17:16:07] "GET /getMonthCharts/?_=1496828322920 HTTP/1.1" 200 14
[07/Jun/2017 17:16:07] "GET /getPersonCharts/?_=1496828322921 HTTP/1.1" 200 13
[07/Jun/2017 17:16:08] "GET /charts/ HTTP/1.1" 200 5839
[07/Jun/2017 17:16:08] "GET /static/dist/css/bootstrap-select.css HTTP/1.1" 304 0
[07/Jun/2017 17:16:08] "GET /static/user/css/user1.css HTTP/1.1" 304 0
[07/Jun/2017 17:16:08] "GET /static/jquery/jquery.min.js HTTP/1.1" 304 0
[07/Jun/2017 17:16:08] "GET /static/bootstrap-3.3.7-dist/css/bootstrap.min.css HTTP/1.1" 304 0
[07/Jun/2017 17:16:08] "GET /static/bootstrap-3.3.7-dist/js/bootstrap.min.js HTTP/1.1" 304 0
[07/Jun/2017 17:16:08] "GET /static/highcharts/highcharts.js HTTP/1.1" 304 0
[07/Jun/2017 17:16:08] "GET /static/dist/js/bootstrap-select.js HTTP/1.1" 304 0
[07/Jun/2017 17:16:08] "GET /static/user/js/autoreview.js HTTP/1.1" 304 0
[07/Jun/2017 17:16:08] "GET /static/user/js/charts.js HTTP/1.1" 304 0
[07/Jun/2017 17:16:08] "GET /static/user/js/submitsql.js HTTP/1.1" 304 0
[07/Jun/2017 17:16:09] "GET /getMonthCharts/?_=1496828324427 HTTP/1.1" 200 14
[07/Jun/2017 17:16:09] "GET /getPersonCharts/?_=1496828324428 HTTP/1.1" 200 13
[07/Jun/2017 17:16:10] "GET /charts/ HTTP/1.1" 200 5839
[07/Jun/2017 17:16:10] "GET /static/user/css/user1.css HTTP/1.1" 304 0
[07/Jun/2017 17:16:10] "GET /static/bootstrap-3.3.7-dist/css/bootstrap.min.css HTTP/1.1" 304 0
[07/Jun/2017 17:16:10] "GET /static/dist/css/bootstrap-select.css HTTP/1.1" 304 0
[07/Jun/2017 17:16:10] "GET /static/jquery/jquery.min.js HTTP/1.1" 304 0
[07/Jun/2017 17:16:10] "GET /static/user/js/autoreview.js HTTP/1.1" 304 0
[07/Jun/2017 17:16:10] "GET /static/user/js/submitsql.js HTTP/1.1" 304 0
[07/Jun/2017 17:16:10] "GET /static/user/js/charts.js HTTP/1.1" 304 0
[07/Jun/2017 17:16:10] "GET /static/bootstrap-3.3.7-dist/js/bootstrap.min.js HTTP/1.1" 304 0
[07/Jun/2017 17:16:10] "GET /static/highcharts/highcharts.js HTTP/1.1" 304 0
[07/Jun/2017 17:16:10] "GET /static/dist/js/bootstrap-select.js HTTP/1.1" 304 0
[07/Jun/2017 17:16:10] "GET /getMonthCharts/?_=1496828325750 HTTP/1.1" 200 14
[07/Jun/2017 17:16:10] "GET /getPersonCharts/?_=1496828325751 HTTP/1.1" 200 13
Traceback (most recent call last):
  File "/usr/local/python3.4/lib/python3.4/socketserver.py", line 609, in process_request_thread
    self.finish_request(request, client_address)
  File "/usr/local/python3.4/lib/python3.4/socketserver.py", line 344, in finish_request
    self.RequestHandlerClass(request, client_address, self)
  File "/usr/local/python3.4/lib/python3.4/site-packages/django/core/servers/basehttp.py", line 102, in __init__
    super(WSGIRequestHandler, self).__init__(*args, **kwargs)
  File "/usr/local/python3.4/lib/python3.4/socketserver.py", line 665, in __init__
    self.handle()
  File "/usr/local/python3.4/lib/python3.4/site-packages/django/core/servers/basehttp.py", line 167, in handle
    self.raw_requestline = self.rfile.readline(65537)
  File "/usr/local/python3.4/lib/python3.4/socket.py", line 371, in readinto
    return self._sock.recv_into(b)
ConnectionResetError: [Errno 104] Connection reset by peer
[07/Jun/2017 17:18:44] "GET /admin/sql/workflow/ HTTP/1.1" 200 8499
[07/Jun/2017 17:18:44] "GET /static/admin/css/base.css HTTP/1.1" 304 0
[07/Jun/2017 17:18:44] "GET /static/admin/js/jquery.js HTTP/1.1" 304 0
[07/Jun/2017 17:18:44] "GET /static/admin/js/core.js HTTP/1.1" 304 0
[07/Jun/2017 17:18:44] "GET /static/admin/css/changelists.css HTTP/1.1" 304 0
[07/Jun/2017 17:18:44] "GET /static/admin/js/jquery.init.js HTTP/1.1" 304 0
[07/Jun/2017 17:18:44] "GET /admin/jsi18n/ HTTP/1.1" 200 2344
[07/Jun/2017 17:18:44] "GET /static/admin/js/admin/RelatedObjectLookups.js HTTP/1.1" 304 0
[07/Jun/2017 17:18:44] "GET /static/admin/js/actions.js HTTP/1.1" 304 0
[07/Jun/2017 17:18:44] "GET /static/admin/img/tooltag-add.png HTTP/1.1" 304 0
[07/Jun/2017 17:18:44] "GET /static/admin/img/nav-bg-reverse.gif HTTP/1.1" 304 0
[07/Jun/2017 17:18:44] "GET /static/admin/img/nav-bg.gif HTTP/1.1" 304 0
[07/Jun/2017 17:18:44] "GET /static/admin/img/icon_searchbox.png HTTP/1.1" 304 0
[07/Jun/2017 17:19:20] "GET /static/jquery/jquery.min.map HTTP/1.1" 404 1681
[07/Jun/2017 17:19:29] "GET /static/bootstrap-3.3.7-dist/css/bootstrap.min.css.map HTTP/1.1" 200 542194
[07/Jun/2017 17:19:44] "GET /static/dist/css/bootstrap-select.css.map HTTP/1.1" 200 14475
Performing system checks...

System check identified no issues (0 silenced).
June 07, 2017 - 17:11:52
Django version 1.8.17, using settings 'archer.settings'
Starting development server at http://0.0.0.0:8080/
Quit the server with CONTROL-C.
----------------------------------------
Exception happened during processing of request from ('192.168.10.254', 19885)
----------------------------------------
----------------------------------------
Exception happened during processing of request from ('192.168.10.254', 23506)
----------------------------------------
Traceback (most recent call last):
  File "/usr/local/python3.4/lib/python3.4/socketserver.py", line 609, in process_request_thread
    self.finish_request(request, client_address)
  File "/usr/local/python3.4/lib/python3.4/socketserver.py", line 344, in finish_request
    self.RequestHandlerClass(request, client_address, self)
  File "/usr/local/python3.4/lib/python3.4/site-packages/django/core/servers/basehttp.py", line 102, in __init__
    super(WSGIRequestHandler, self).__init__(*args, **kwargs)
  File "/usr/local/python3.4/lib/python3.4/socketserver.py", line 665, in __init__
    self.handle()
  File "/usr/local/python3.4/lib/python3.4/site-packages/django/core/servers/basehttp.py", line 167, in handle
    self.raw_requestline = self.rfile.readline(65537)
  File "/usr/local/python3.4/lib/python3.4/socket.py", line 371, in readinto
    return self._sock.recv_into(b)
ConnectionResetError: [Errno 104] Connection reset by peer
[07/Jun/2017 17:23:51] "GET /charts/ HTTP/1.1" 200 5839
[07/Jun/2017 17:23:51] "GET /static/user/css/user1.css HTTP/1.1" 304 0
[07/Jun/2017 17:23:51] "GET /static/bootstrap-3.3.7-dist/css/bootstrap.min.css HTTP/1.1" 304 0
[07/Jun/2017 17:23:51] "GET /static/dist/css/bootstrap-select.css HTTP/1.1" 304 0
[07/Jun/2017 17:23:51] "GET /static/jquery/jquery.min.js HTTP/1.1" 304 0
[07/Jun/2017 17:23:51] "GET /static/bootstrap-3.3.7-dist/js/bootstrap.min.js HTTP/1.1" 304 0
[07/Jun/2017 17:23:51] "GET /static/highcharts/highcharts.js HTTP/1.1" 304 0
[07/Jun/2017 17:23:51] "GET /static/dist/js/bootstrap-select.js HTTP/1.1" 304 0
[07/Jun/2017 17:23:51] "GET /static/user/js/autoreview.js HTTP/1.1" 304 0
[07/Jun/2017 17:23:51] "GET /static/user/js/submitsql.js HTTP/1.1" 304 0
[07/Jun/2017 17:23:51] "GET /static/user/js/charts.js HTTP/1.1" 304 0
[07/Jun/2017 17:23:51] "GET /static/jquery/jquery.min.map HTTP/1.1" 404 1681
[07/Jun/2017 17:23:51] "GET /getMonthCharts/?_=1496828787255 HTTP/1.1" 200 14
[07/Jun/2017 17:23:51] "GET /getPersonCharts/?_=1496828787256 HTTP/1.1" 200 13
[07/Jun/2017 17:23:54] "GET /static/bootstrap-3.3.7-dist/css/bootstrap.min.css.map HTTP/1.1" 200 542194
[07/Jun/2017 17:23:59] "GET /test HTTP/1.1" 301 0
[07/Jun/2017 17:24:00] "GET /test/ HTTP/1.1" 500 66329
Performing system checks...

System check identified no issues (0 silenced).
June 07, 2017 - 17:22:10
Django version 1.8.17, using settings 'archer.settings'
Starting development server at http://0.0.0.0:8080/
Quit the server with CONTROL-C.
----------------------------------------
Exception happened during processing of request from ('192.168.10.254', 15515)
----------------------------------------
Traceback (most recent call last):
  File "/usr/local/python3.4/lib/python3.4/socketserver.py", line 609, in process_request_thread
    self.finish_request(request, client_address)
  File "/usr/local/python3.4/lib/python3.4/socketserver.py", line 344, in finish_request
    self.RequestHandlerClass(request, client_address, self)
  File "/usr/local/python3.4/lib/python3.4/site-packages/django/core/servers/basehttp.py", line 102, in __init__
    super(WSGIRequestHandler, self).__init__(*args, **kwargs)
  File "/usr/local/python3.4/lib/python3.4/socketserver.py", line 665, in __init__
    self.handle()
  File "/usr/local/python3.4/lib/python3.4/site-packages/django/core/servers/basehttp.py", line 167, in handle
    self.raw_requestline = self.rfile.readline(65537)
  File "/usr/local/python3.4/lib/python3.4/socket.py", line 371, in readinto
    return self._sock.recv_into(b)
ConnectionResetError: [Errno 104] Connection reset by peer
[07/Jun/2017 17:24:48] "GET /test/ HTTP/1.1" 200 5832
[07/Jun/2017 17:24:48] "GET /static/dist/css/bootstrap-select.css HTTP/1.1" 304 0
[07/Jun/2017 17:24:48] "GET /static/bootstrap-3.3.7-dist/css/bootstrap.min.css HTTP/1.1" 304 0
[07/Jun/2017 17:24:48] "GET /static/jquery/jquery.min.js HTTP/1.1" 304 0
[07/Jun/2017 17:24:48] "GET /static/user/css/user1.css HTTP/1.1" 304 0
[07/Jun/2017 17:24:48] "GET /static/highcharts/highcharts.js HTTP/1.1" 304 0
[07/Jun/2017 17:24:48] "GET /static/bootstrap-3.3.7-dist/js/bootstrap.min.js HTTP/1.1" 304 0
[07/Jun/2017 17:24:48] "GET /static/dist/js/bootstrap-select.js HTTP/1.1" 304 0
[07/Jun/2017 17:24:48] "GET /static/user/js/charts.js HTTP/1.1" 304 0
[07/Jun/2017 17:24:48] "GET /static/user/js/submitsql.js HTTP/1.1" 304 0
[07/Jun/2017 17:24:48] "GET /static/user/js/autoreview.js HTTP/1.1" 304 0
[07/Jun/2017 17:24:48] "GET /static/bootstrap-3.3.7-dist/fonts/glyphicons-halflings-regular.woff2 HTTP/1.1" 304 0
[07/Jun/2017 17:24:49] "GET /getMonthCharts/?_=1496828844531 HTTP/1.1" 200 14
[07/Jun/2017 17:24:49] "GET /getPersonCharts/?_=1496828844532 HTTP/1.1" 200 13
Performing system checks...

System check identified no issues (0 silenced).
June 07, 2017 - 17:24:46
Django version 1.8.17, using settings 'archer.settings'
Starting development server at http://0.0.0.0:8080/
Quit the server with CONTROL-C.
----------------------------------------
Exception happened during processing of request from ('192.168.10.254', 12806)
----------------------------------------
Traceback (most recent call last):
  File "/usr/local/python3.4/lib/python3.4/socketserver.py", line 609, in process_request_thread
    self.finish_request(request, client_address)
  File "/usr/local/python3.4/lib/python3.4/socketserver.py", line 344, in finish_request
    self.RequestHandlerClass(request, client_address, self)
  File "/usr/local/python3.4/lib/python3.4/site-packages/django/core/servers/basehttp.py", line 102, in __init__
    super(WSGIRequestHandler, self).__init__(*args, **kwargs)
  File "/usr/local/python3.4/lib/python3.4/socketserver.py", line 665, in __init__
    self.handle()
  File "/usr/local/python3.4/lib/python3.4/site-packages/django/core/servers/basehttp.py", line 167, in handle
    self.raw_requestline = self.rfile.readline(65537)
  File "/usr/local/python3.4/lib/python3.4/socket.py", line 371, in readinto
    return self._sock.recv_into(b)
ConnectionResetError: [Errno 104] Connection reset by peer
[07/Jun/2017 17:26:30] "GET /test/ HTTP/1.1" 200 1227
[07/Jun/2017 17:26:30] "GET /static/user/css/user1.css HTTP/1.1" 304 0
[07/Jun/2017 17:26:30] "GET /static/bootstrap-3.3.7-dist/css/bootstrap.min.css HTTP/1.1" 304 0
[07/Jun/2017 17:26:30] "GET /static/dist/css/bootstrap-select.css HTTP/1.1" 304 0
[07/Jun/2017 17:26:36] "GET / HTTP/1.1" 200 7231
[07/Jun/2017 17:26:36] "GET /static/bootstrap-3.3.7-dist/css/bootstrap.min.css HTTP/1.1" 304 0
[07/Jun/2017 17:26:36] "GET /static/user/css/user1.css HTTP/1.1" 304 0
[07/Jun/2017 17:26:36] "GET /static/dist/css/bootstrap-select.css HTTP/1.1" 304 0
[07/Jun/2017 17:26:36] "GET /static/jquery/jquery.min.js HTTP/1.1" 304 0
[07/Jun/2017 17:26:36] "GET /static/highcharts/highcharts.js HTTP/1.1" 304 0
[07/Jun/2017 17:26:36] "GET /static/bootstrap-3.3.7-dist/js/bootstrap.min.js HTTP/1.1" 304 0
[07/Jun/2017 17:26:36] "GET /static/user/js/autoreview.js HTTP/1.1" 304 0
[07/Jun/2017 17:26:36] "GET /static/dist/js/bootstrap-select.js HTTP/1.1" 304 0
[07/Jun/2017 17:26:36] "GET /static/user/js/submitsql.js HTTP/1.1" 304 0
[07/Jun/2017 17:26:36] "GET /static/user/js/charts.js HTTP/1.1" 304 0
[07/Jun/2017 17:26:40] "GET /test/ HTTP/1.1" 200 1227
[07/Jun/2017 17:26:40] "GET /static/bootstrap-3.3.7-dist/css/bootstrap.min.css HTTP/1.1" 304 0
[07/Jun/2017 17:26:40] "GET /static/user/css/user1.css HTTP/1.1" 304 0
[07/Jun/2017 17:26:40] "GET /static/dist/css/bootstrap-select.css HTTP/1.1" 304 0
Traceback (most recent call last):
  File "/usr/local/python3.4/lib/python3.4/socketserver.py", line 609, in process_request_thread
    self.finish_request(request, client_address)
  File "/usr/local/python3.4/lib/python3.4/socketserver.py", line 344, in finish_request
    self.RequestHandlerClass(request, client_address, self)
  File "/usr/local/python3.4/lib/python3.4/site-packages/django/core/servers/basehttp.py", line 102, in __init__
    super(WSGIRequestHandler, self).__init__(*args, **kwargs)
  File "/usr/local/python3.4/lib/python3.4/socketserver.py", line 665, in __init__
    self.handle()
  File "/usr/local/python3.4/lib/python3.4/site-packages/django/core/servers/basehttp.py", line 167, in handle
    self.raw_requestline = self.rfile.readline(65537)
  File "/usr/local/python3.4/lib/python3.4/socket.py", line 371, in readinto
    return self._sock.recv_into(b)
ConnectionResetError: [Errno 104] Connection reset by peer
[07/Jun/2017 17:30:09] "GET /test/ HTTP/1.1" 200 739
[07/Jun/2017 17:30:10] "GET /test/bootstrap-3.3.7-dist/css/bootstrap.min.css HTTP/1.1" 404 5270
[07/Jun/2017 17:30:10] "GET /test/bootstrap-3.3.7-dist/js/bootstrap.min.js HTTP/1.1" 404 5264
[07/Jun/2017 17:30:10] "GET /test/jquery/jquery.min.js HTTP/1.1" 404 5204
[07/Jun/2017 17:30:10] "GET /test/bootstrap-3.3.7-dist/js/bootstrap.min.js HTTP/1.1" 404 5264
[07/Jun/2017 17:30:13] "GET / HTTP/1.1" 200 7231
[07/Jun/2017 17:30:13] "GET /static/bootstrap-3.3.7-dist/css/bootstrap.min.css HTTP/1.1" 304 0
[07/Jun/2017 17:30:13] "GET /static/user/css/user1.css HTTP/1.1" 304 0
[07/Jun/2017 17:30:13] "GET /static/jquery/jquery.min.js HTTP/1.1" 304 0
[07/Jun/2017 17:30:13] "GET /static/dist/css/bootstrap-select.css HTTP/1.1" 304 0
[07/Jun/2017 17:30:13] "GET /static/bootstrap-3.3.7-dist/js/bootstrap.min.js HTTP/1.1" 304 0
[07/Jun/2017 17:30:13] "GET /static/highcharts/highcharts.js HTTP/1.1" 304 0
[07/Jun/2017 17:30:13] "GET /static/dist/js/bootstrap-select.js HTTP/1.1" 304 0
[07/Jun/2017 17:30:13] "GET /static/user/js/autoreview.js HTTP/1.1" 304 0
[07/Jun/2017 17:30:13] "GET /static/user/js/submitsql.js HTTP/1.1" 304 0
[07/Jun/2017 17:30:13] "GET /static/user/js/charts.js HTTP/1.1" 304 0
[07/Jun/2017 17:30:13] "GET /static/bootstrap-3.3.7-dist/fonts/glyphicons-halflings-regular.woff2 HTTP/1.1" 304 0
[07/Jun/2017 17:30:16] "GET /test/ HTTP/1.1" 200 739
[07/Jun/2017 17:30:16] "GET /test/jquery/jquery.min.js HTTP/1.1" 404 5204
[07/Jun/2017 17:30:17] "GET /test/bootstrap-3.3.7-dist/css/bootstrap.min.css HTTP/1.1" 404 5270
[07/Jun/2017 17:30:17] "GET /test/bootstrap-3.3.7-dist/js/bootstrap.min.js HTTP/1.1" 404 5264
Traceback (most recent call last):
  File "/usr/local/python3.4/lib/python3.4/socketserver.py", line 609, in process_request_thread
    self.finish_request(request, client_address)
  File "/usr/local/python3.4/lib/python3.4/socketserver.py", line 344, in finish_request
    self.RequestHandlerClass(request, client_address, self)
  File "/usr/local/python3.4/lib/python3.4/site-packages/django/core/servers/basehttp.py", line 102, in __init__
    super(WSGIRequestHandler, self).__init__(*args, **kwargs)
  File "/usr/local/python3.4/lib/python3.4/socketserver.py", line 665, in __init__
    self.handle()
  File "/usr/local/python3.4/lib/python3.4/site-packages/django/core/servers/basehttp.py", line 167, in handle
    self.raw_requestline = self.rfile.readline(65537)
  File "/usr/local/python3.4/lib/python3.4/socket.py", line 371, in readinto
    return self._sock.recv_into(b)
ConnectionResetError: [Errno 104] Connection reset by peer
[07/Jun/2017 17:30:45] "GET /test/ HTTP/1.1" 200 758
[07/Jun/2017 17:30:46] "GET /test/bootstrap-3.3.7-dist/js/bootstrap.min.js HTTP/1.1" 404 5264
[07/Jun/2017 17:30:46] "GET /test/bootstrap-3.3.7-dist/css/bootstrap.min.css HTTP/1.1" 404 5270
[07/Jun/2017 17:30:46] "GET /test/jquery/jquery.min.js HTTP/1.1" 404 5204
[07/Jun/2017 17:30:46] "GET /test/bootstrap-3.3.7-dist/js/bootstrap.min.js HTTP/1.1" 404 5264
[07/Jun/2017 17:33:05] "GET / HTTP/1.1" 200 7231
[07/Jun/2017 17:33:05] "GET /static/bootstrap-3.3.7-dist/css/bootstrap.min.css HTTP/1.1" 304 0
[07/Jun/2017 17:33:05] "GET /static/user/css/user1.css HTTP/1.1" 304 0
[07/Jun/2017 17:33:05] "GET /static/dist/css/bootstrap-select.css HTTP/1.1" 304 0
[07/Jun/2017 17:33:05] "GET /static/jquery/jquery.min.js HTTP/1.1" 304 0
[07/Jun/2017 17:33:05] "GET /static/highcharts/highcharts.js HTTP/1.1" 304 0
[07/Jun/2017 17:33:05] "GET /static/dist/js/bootstrap-select.js HTTP/1.1" 304 0
[07/Jun/2017 17:33:05] "GET /static/bootstrap-3.3.7-dist/js/bootstrap.min.js HTTP/1.1" 304 0
[07/Jun/2017 17:33:05] "GET /static/user/js/autoreview.js HTTP/1.1" 304 0
[07/Jun/2017 17:33:05] "GET /static/user/js/submitsql.js HTTP/1.1" 304 0
[07/Jun/2017 17:33:05] "GET /static/user/js/charts.js HTTP/1.1" 304 0
[07/Jun/2017 17:33:05] "GET /static/bootstrap-3.3.7-dist/fonts/glyphicons-halflings-regular.woff2 HTTP/1.1" 304 0
[07/Jun/2017 17:33:06] "GET /submitsql/ HTTP/1.1" 200 9507
[07/Jun/2017 17:33:06] "GET /static/bootstrap-3.3.7-dist/css/bootstrap.min.css HTTP/1.1" 304 0
[07/Jun/2017 17:33:06] "GET /static/dist/css/bootstrap-select.css HTTP/1.1" 304 0
[07/Jun/2017 17:33:06] "GET /static/user/css/user1.css HTTP/1.1" 304 0
[07/Jun/2017 17:33:06] "GET /static/jquery/jquery.min.js HTTP/1.1" 304 0
[07/Jun/2017 17:33:06] "GET /static/highcharts/highcharts.js HTTP/1.1" 304 0
[07/Jun/2017 17:33:06] "GET /static/bootstrap-3.3.7-dist/js/bootstrap.min.js HTTP/1.1" 304 0
[07/Jun/2017 17:33:06] "GET /static/dist/js/bootstrap-select.js HTTP/1.1" 304 0
[07/Jun/2017 17:33:06] "GET /static/user/js/autoreview.js HTTP/1.1" 304 0
[07/Jun/2017 17:33:06] "GET /static/user/js/submitsql.js HTTP/1.1" 304 0
[07/Jun/2017 17:33:06] "GET /static/user/js/charts.js HTTP/1.1" 304 0
[07/Jun/2017 17:33:07] "GET /allworkflow/ HTTP/1.1" 200 7231
